[2024-06-26T01:43:54.102+0000] {processor.py:161} INFO - Started process (PID=34) to work on /opt/airflow/dags/main.py
[2024-06-26T01:43:54.104+0000] {processor.py:830} INFO - Processing file /opt/airflow/dags/main.py for tasks to queue
[2024-06-26T01:43:54.108+0000] {logging_mixin.py:188} INFO - [2024-06-26T01:43:54.107+0000] {dagbag.py:545} INFO - Filling up the DagBag from /opt/airflow/dags/main.py
[2024-06-26T01:43:54.145+0000] {logging_mixin.py:188} INFO - [2024-06-26T01:43:54.140+0000] {dagbag.py:355} ERROR - Failed to import: /opt/airflow/dags/main.py
Traceback (most recent call last):
  File "/home/airflow/.local/lib/python3.8/site-packages/airflow/models/dagbag.py", line 351, in parse
    loader.exec_module(new_module)
  File "<frozen importlib._bootstrap_external>", line 843, in exec_module
  File "<frozen importlib._bootstrap>", line 219, in _call_with_frames_removed
  File "/opt/airflow/dags/main.py", line 5, in <module>
    import dags.utils as utils
ModuleNotFoundError: No module named 'dags'
[2024-06-26T01:43:54.147+0000] {processor.py:842} WARNING - No viable dags retrieved from /opt/airflow/dags/main.py
[2024-06-26T01:43:54.170+0000] {processor.py:183} INFO - Processing /opt/airflow/dags/main.py took 0.077 seconds
[2024-06-26T01:44:24.439+0000] {processor.py:161} INFO - Started process (PID=41) to work on /opt/airflow/dags/main.py
[2024-06-26T01:44:24.440+0000] {processor.py:830} INFO - Processing file /opt/airflow/dags/main.py for tasks to queue
[2024-06-26T01:44:24.442+0000] {logging_mixin.py:188} INFO - [2024-06-26T01:44:24.442+0000] {dagbag.py:545} INFO - Filling up the DagBag from /opt/airflow/dags/main.py
[2024-06-26T01:44:24.472+0000] {logging_mixin.py:188} INFO - [2024-06-26T01:44:24.467+0000] {dagbag.py:355} ERROR - Failed to import: /opt/airflow/dags/main.py
Traceback (most recent call last):
  File "/home/airflow/.local/lib/python3.8/site-packages/airflow/models/dagbag.py", line 351, in parse
    loader.exec_module(new_module)
  File "<frozen importlib._bootstrap_external>", line 843, in exec_module
  File "<frozen importlib._bootstrap>", line 219, in _call_with_frames_removed
  File "/opt/airflow/dags/main.py", line 5, in <module>
    import dags.utils as utils
ModuleNotFoundError: No module named 'dags'
[2024-06-26T01:44:24.474+0000] {processor.py:842} WARNING - No viable dags retrieved from /opt/airflow/dags/main.py
[2024-06-26T01:44:24.497+0000] {processor.py:183} INFO - Processing /opt/airflow/dags/main.py took 0.067 seconds
[2024-06-26T01:44:54.716+0000] {processor.py:161} INFO - Started process (PID=48) to work on /opt/airflow/dags/main.py
[2024-06-26T01:44:54.717+0000] {processor.py:830} INFO - Processing file /opt/airflow/dags/main.py for tasks to queue
[2024-06-26T01:44:54.719+0000] {logging_mixin.py:188} INFO - [2024-06-26T01:44:54.718+0000] {dagbag.py:545} INFO - Filling up the DagBag from /opt/airflow/dags/main.py
[2024-06-26T01:44:54.747+0000] {logging_mixin.py:188} INFO - [2024-06-26T01:44:54.742+0000] {dagbag.py:355} ERROR - Failed to import: /opt/airflow/dags/main.py
Traceback (most recent call last):
  File "/home/airflow/.local/lib/python3.8/site-packages/airflow/models/dagbag.py", line 351, in parse
    loader.exec_module(new_module)
  File "<frozen importlib._bootstrap_external>", line 843, in exec_module
  File "<frozen importlib._bootstrap>", line 219, in _call_with_frames_removed
  File "/opt/airflow/dags/main.py", line 5, in <module>
    import dags.utils as utils
ModuleNotFoundError: No module named 'dags'
[2024-06-26T01:44:54.749+0000] {processor.py:842} WARNING - No viable dags retrieved from /opt/airflow/dags/main.py
[2024-06-26T01:44:54.771+0000] {processor.py:183} INFO - Processing /opt/airflow/dags/main.py took 0.062 seconds
[2024-06-26T01:45:25.043+0000] {processor.py:161} INFO - Started process (PID=55) to work on /opt/airflow/dags/main.py
[2024-06-26T01:45:25.044+0000] {processor.py:830} INFO - Processing file /opt/airflow/dags/main.py for tasks to queue
[2024-06-26T01:45:25.045+0000] {logging_mixin.py:188} INFO - [2024-06-26T01:45:25.045+0000] {dagbag.py:545} INFO - Filling up the DagBag from /opt/airflow/dags/main.py
[2024-06-26T01:45:25.084+0000] {logging_mixin.py:188} INFO - [2024-06-26T01:45:25.076+0000] {dagbag.py:355} ERROR - Failed to import: /opt/airflow/dags/main.py
Traceback (most recent call last):
  File "/home/airflow/.local/lib/python3.8/site-packages/airflow/models/dagbag.py", line 351, in parse
    loader.exec_module(new_module)
  File "<frozen importlib._bootstrap_external>", line 843, in exec_module
  File "<frozen importlib._bootstrap>", line 219, in _call_with_frames_removed
  File "/opt/airflow/dags/main.py", line 5, in <module>
    import dags.utils as utils
ModuleNotFoundError: No module named 'dags'
[2024-06-26T01:45:25.086+0000] {processor.py:842} WARNING - No viable dags retrieved from /opt/airflow/dags/main.py
[2024-06-26T01:45:25.109+0000] {processor.py:183} INFO - Processing /opt/airflow/dags/main.py took 0.073 seconds
[2024-06-26T01:45:55.343+0000] {processor.py:161} INFO - Started process (PID=62) to work on /opt/airflow/dags/main.py
[2024-06-26T01:45:55.345+0000] {processor.py:830} INFO - Processing file /opt/airflow/dags/main.py for tasks to queue
[2024-06-26T01:45:55.347+0000] {logging_mixin.py:188} INFO - [2024-06-26T01:45:55.347+0000] {dagbag.py:545} INFO - Filling up the DagBag from /opt/airflow/dags/main.py
[2024-06-26T01:45:55.371+0000] {logging_mixin.py:188} INFO - [2024-06-26T01:45:55.366+0000] {dagbag.py:355} ERROR - Failed to import: /opt/airflow/dags/main.py
Traceback (most recent call last):
  File "/home/airflow/.local/lib/python3.8/site-packages/airflow/models/dagbag.py", line 351, in parse
    loader.exec_module(new_module)
  File "<frozen importlib._bootstrap_external>", line 843, in exec_module
  File "<frozen importlib._bootstrap>", line 219, in _call_with_frames_removed
  File "/opt/airflow/dags/main.py", line 5, in <module>
    import dags.utils as utils
ModuleNotFoundError: No module named 'dags'
[2024-06-26T01:45:55.373+0000] {processor.py:842} WARNING - No viable dags retrieved from /opt/airflow/dags/main.py
[2024-06-26T01:45:55.403+0000] {processor.py:183} INFO - Processing /opt/airflow/dags/main.py took 0.068 seconds
[2024-06-26T01:46:25.713+0000] {processor.py:161} INFO - Started process (PID=69) to work on /opt/airflow/dags/main.py
[2024-06-26T01:46:25.715+0000] {processor.py:830} INFO - Processing file /opt/airflow/dags/main.py for tasks to queue
[2024-06-26T01:46:25.718+0000] {logging_mixin.py:188} INFO - [2024-06-26T01:46:25.717+0000] {dagbag.py:545} INFO - Filling up the DagBag from /opt/airflow/dags/main.py
[2024-06-26T01:46:25.755+0000] {logging_mixin.py:188} INFO - [2024-06-26T01:46:25.748+0000] {dagbag.py:355} ERROR - Failed to import: /opt/airflow/dags/main.py
Traceback (most recent call last):
  File "/home/airflow/.local/lib/python3.8/site-packages/airflow/models/dagbag.py", line 351, in parse
    loader.exec_module(new_module)
  File "<frozen importlib._bootstrap_external>", line 843, in exec_module
  File "<frozen importlib._bootstrap>", line 219, in _call_with_frames_removed
  File "/opt/airflow/dags/main.py", line 5, in <module>
    import dags.utils as utils
ModuleNotFoundError: No module named 'dags'
[2024-06-26T01:46:25.758+0000] {processor.py:842} WARNING - No viable dags retrieved from /opt/airflow/dags/main.py
[2024-06-26T01:46:25.794+0000] {processor.py:183} INFO - Processing /opt/airflow/dags/main.py took 0.091 seconds
[2024-06-26T01:46:56.010+0000] {processor.py:161} INFO - Started process (PID=76) to work on /opt/airflow/dags/main.py
[2024-06-26T01:46:56.012+0000] {processor.py:830} INFO - Processing file /opt/airflow/dags/main.py for tasks to queue
[2024-06-26T01:46:56.015+0000] {logging_mixin.py:188} INFO - [2024-06-26T01:46:56.014+0000] {dagbag.py:545} INFO - Filling up the DagBag from /opt/airflow/dags/main.py
[2024-06-26T01:46:56.042+0000] {logging_mixin.py:188} INFO - [2024-06-26T01:46:56.036+0000] {dagbag.py:355} ERROR - Failed to import: /opt/airflow/dags/main.py
Traceback (most recent call last):
  File "/home/airflow/.local/lib/python3.8/site-packages/airflow/models/dagbag.py", line 351, in parse
    loader.exec_module(new_module)
  File "<frozen importlib._bootstrap_external>", line 843, in exec_module
  File "<frozen importlib._bootstrap>", line 219, in _call_with_frames_removed
  File "/opt/airflow/dags/main.py", line 5, in <module>
    import dags.utils as utils
ModuleNotFoundError: No module named 'dags'
[2024-06-26T01:46:56.043+0000] {processor.py:842} WARNING - No viable dags retrieved from /opt/airflow/dags/main.py
[2024-06-26T01:46:56.073+0000] {processor.py:183} INFO - Processing /opt/airflow/dags/main.py took 0.072 seconds
[2024-06-26T01:47:26.368+0000] {processor.py:161} INFO - Started process (PID=83) to work on /opt/airflow/dags/main.py
[2024-06-26T01:47:26.370+0000] {processor.py:830} INFO - Processing file /opt/airflow/dags/main.py for tasks to queue
[2024-06-26T01:47:26.374+0000] {logging_mixin.py:188} INFO - [2024-06-26T01:47:26.373+0000] {dagbag.py:545} INFO - Filling up the DagBag from /opt/airflow/dags/main.py
[2024-06-26T01:47:26.411+0000] {logging_mixin.py:188} INFO - [2024-06-26T01:47:26.404+0000] {dagbag.py:355} ERROR - Failed to import: /opt/airflow/dags/main.py
Traceback (most recent call last):
  File "/home/airflow/.local/lib/python3.8/site-packages/airflow/models/dagbag.py", line 351, in parse
    loader.exec_module(new_module)
  File "<frozen importlib._bootstrap_external>", line 843, in exec_module
  File "<frozen importlib._bootstrap>", line 219, in _call_with_frames_removed
  File "/opt/airflow/dags/main.py", line 5, in <module>
    import dags.utils as utils
ModuleNotFoundError: No module named 'dags'
[2024-06-26T01:47:26.414+0000] {processor.py:842} WARNING - No viable dags retrieved from /opt/airflow/dags/main.py
[2024-06-26T01:47:26.449+0000] {processor.py:183} INFO - Processing /opt/airflow/dags/main.py took 0.093 seconds
[2024-06-26T01:47:56.702+0000] {processor.py:161} INFO - Started process (PID=90) to work on /opt/airflow/dags/main.py
[2024-06-26T01:47:56.703+0000] {processor.py:830} INFO - Processing file /opt/airflow/dags/main.py for tasks to queue
[2024-06-26T01:47:56.705+0000] {logging_mixin.py:188} INFO - [2024-06-26T01:47:56.705+0000] {dagbag.py:545} INFO - Filling up the DagBag from /opt/airflow/dags/main.py
[2024-06-26T01:47:56.741+0000] {logging_mixin.py:188} INFO - [2024-06-26T01:47:56.735+0000] {dagbag.py:355} ERROR - Failed to import: /opt/airflow/dags/main.py
Traceback (most recent call last):
  File "/home/airflow/.local/lib/python3.8/site-packages/airflow/models/dagbag.py", line 351, in parse
    loader.exec_module(new_module)
  File "<frozen importlib._bootstrap_external>", line 843, in exec_module
  File "<frozen importlib._bootstrap>", line 219, in _call_with_frames_removed
  File "/opt/airflow/dags/main.py", line 5, in <module>
    import dags.utils as utils
ModuleNotFoundError: No module named 'dags'
[2024-06-26T01:47:56.743+0000] {processor.py:842} WARNING - No viable dags retrieved from /opt/airflow/dags/main.py
[2024-06-26T01:47:56.766+0000] {processor.py:183} INFO - Processing /opt/airflow/dags/main.py took 0.073 seconds
[2024-06-26T01:48:26.994+0000] {processor.py:161} INFO - Started process (PID=97) to work on /opt/airflow/dags/main.py
[2024-06-26T01:48:26.995+0000] {processor.py:830} INFO - Processing file /opt/airflow/dags/main.py for tasks to queue
[2024-06-26T01:48:26.998+0000] {logging_mixin.py:188} INFO - [2024-06-26T01:48:26.998+0000] {dagbag.py:545} INFO - Filling up the DagBag from /opt/airflow/dags/main.py
[2024-06-26T01:48:27.038+0000] {logging_mixin.py:188} INFO - [2024-06-26T01:48:27.030+0000] {dagbag.py:355} ERROR - Failed to import: /opt/airflow/dags/main.py
Traceback (most recent call last):
  File "/home/airflow/.local/lib/python3.8/site-packages/airflow/models/dagbag.py", line 351, in parse
    loader.exec_module(new_module)
  File "<frozen importlib._bootstrap_external>", line 843, in exec_module
  File "<frozen importlib._bootstrap>", line 219, in _call_with_frames_removed
  File "/opt/airflow/dags/main.py", line 5, in <module>
    import dags.utils as utils
ModuleNotFoundError: No module named 'dags'
[2024-06-26T01:48:27.040+0000] {processor.py:842} WARNING - No viable dags retrieved from /opt/airflow/dags/main.py
[2024-06-26T01:48:27.078+0000] {processor.py:183} INFO - Processing /opt/airflow/dags/main.py took 0.096 seconds
[2024-06-26T01:48:57.328+0000] {processor.py:161} INFO - Started process (PID=104) to work on /opt/airflow/dags/main.py
[2024-06-26T01:48:57.329+0000] {processor.py:830} INFO - Processing file /opt/airflow/dags/main.py for tasks to queue
[2024-06-26T01:48:57.331+0000] {logging_mixin.py:188} INFO - [2024-06-26T01:48:57.331+0000] {dagbag.py:545} INFO - Filling up the DagBag from /opt/airflow/dags/main.py
[2024-06-26T01:48:57.361+0000] {logging_mixin.py:188} INFO - [2024-06-26T01:48:57.355+0000] {dagbag.py:355} ERROR - Failed to import: /opt/airflow/dags/main.py
Traceback (most recent call last):
  File "/home/airflow/.local/lib/python3.8/site-packages/airflow/models/dagbag.py", line 351, in parse
    loader.exec_module(new_module)
  File "<frozen importlib._bootstrap_external>", line 843, in exec_module
  File "<frozen importlib._bootstrap>", line 219, in _call_with_frames_removed
  File "/opt/airflow/dags/main.py", line 5, in <module>
    import dags.utils as utils
ModuleNotFoundError: No module named 'dags'
[2024-06-26T01:48:57.364+0000] {processor.py:842} WARNING - No viable dags retrieved from /opt/airflow/dags/main.py
[2024-06-26T01:48:57.392+0000] {processor.py:183} INFO - Processing /opt/airflow/dags/main.py took 0.072 seconds
[2024-06-26T01:49:27.681+0000] {processor.py:161} INFO - Started process (PID=111) to work on /opt/airflow/dags/main.py
[2024-06-26T01:49:27.682+0000] {processor.py:830} INFO - Processing file /opt/airflow/dags/main.py for tasks to queue
[2024-06-26T01:49:27.684+0000] {logging_mixin.py:188} INFO - [2024-06-26T01:49:27.684+0000] {dagbag.py:545} INFO - Filling up the DagBag from /opt/airflow/dags/main.py
[2024-06-26T01:49:27.716+0000] {logging_mixin.py:188} INFO - [2024-06-26T01:49:27.710+0000] {dagbag.py:355} ERROR - Failed to import: /opt/airflow/dags/main.py
Traceback (most recent call last):
  File "/home/airflow/.local/lib/python3.8/site-packages/airflow/models/dagbag.py", line 351, in parse
    loader.exec_module(new_module)
  File "<frozen importlib._bootstrap_external>", line 843, in exec_module
  File "<frozen importlib._bootstrap>", line 219, in _call_with_frames_removed
  File "/opt/airflow/dags/main.py", line 5, in <module>
    import dags.utils as utils
ModuleNotFoundError: No module named 'dags'
[2024-06-26T01:49:27.719+0000] {processor.py:842} WARNING - No viable dags retrieved from /opt/airflow/dags/main.py
[2024-06-26T01:49:27.739+0000] {processor.py:183} INFO - Processing /opt/airflow/dags/main.py took 0.066 seconds
[2024-06-26T01:49:57.998+0000] {processor.py:161} INFO - Started process (PID=118) to work on /opt/airflow/dags/main.py
[2024-06-26T01:49:58.000+0000] {processor.py:830} INFO - Processing file /opt/airflow/dags/main.py for tasks to queue
[2024-06-26T01:49:58.002+0000] {logging_mixin.py:188} INFO - [2024-06-26T01:49:58.001+0000] {dagbag.py:545} INFO - Filling up the DagBag from /opt/airflow/dags/main.py
[2024-06-26T01:49:58.029+0000] {logging_mixin.py:188} INFO - [2024-06-26T01:49:58.024+0000] {dagbag.py:355} ERROR - Failed to import: /opt/airflow/dags/main.py
Traceback (most recent call last):
  File "/home/airflow/.local/lib/python3.8/site-packages/airflow/models/dagbag.py", line 351, in parse
    loader.exec_module(new_module)
  File "<frozen importlib._bootstrap_external>", line 843, in exec_module
  File "<frozen importlib._bootstrap>", line 219, in _call_with_frames_removed
  File "/opt/airflow/dags/main.py", line 5, in <module>
    import dags.utils as utils
ModuleNotFoundError: No module named 'dags'
[2024-06-26T01:49:58.030+0000] {processor.py:842} WARNING - No viable dags retrieved from /opt/airflow/dags/main.py
[2024-06-26T01:49:58.052+0000] {processor.py:183} INFO - Processing /opt/airflow/dags/main.py took 0.061 seconds
[2024-06-26T01:50:28.308+0000] {processor.py:161} INFO - Started process (PID=125) to work on /opt/airflow/dags/main.py
[2024-06-26T01:50:28.309+0000] {processor.py:830} INFO - Processing file /opt/airflow/dags/main.py for tasks to queue
[2024-06-26T01:50:28.312+0000] {logging_mixin.py:188} INFO - [2024-06-26T01:50:28.311+0000] {dagbag.py:545} INFO - Filling up the DagBag from /opt/airflow/dags/main.py
[2024-06-26T01:50:28.349+0000] {logging_mixin.py:188} INFO - [2024-06-26T01:50:28.342+0000] {dagbag.py:355} ERROR - Failed to import: /opt/airflow/dags/main.py
Traceback (most recent call last):
  File "/home/airflow/.local/lib/python3.8/site-packages/airflow/models/dagbag.py", line 351, in parse
    loader.exec_module(new_module)
  File "<frozen importlib._bootstrap_external>", line 843, in exec_module
  File "<frozen importlib._bootstrap>", line 219, in _call_with_frames_removed
  File "/opt/airflow/dags/main.py", line 5, in <module>
    import dags.utils as utils
ModuleNotFoundError: No module named 'dags'
[2024-06-26T01:50:28.351+0000] {processor.py:842} WARNING - No viable dags retrieved from /opt/airflow/dags/main.py
[2024-06-26T01:50:28.387+0000] {processor.py:183} INFO - Processing /opt/airflow/dags/main.py took 0.087 seconds
[2024-06-26T01:50:58.619+0000] {processor.py:161} INFO - Started process (PID=132) to work on /opt/airflow/dags/main.py
[2024-06-26T01:50:58.620+0000] {processor.py:830} INFO - Processing file /opt/airflow/dags/main.py for tasks to queue
[2024-06-26T01:50:58.623+0000] {logging_mixin.py:188} INFO - [2024-06-26T01:50:58.622+0000] {dagbag.py:545} INFO - Filling up the DagBag from /opt/airflow/dags/main.py
[2024-06-26T01:50:58.660+0000] {logging_mixin.py:188} INFO - [2024-06-26T01:50:58.653+0000] {dagbag.py:355} ERROR - Failed to import: /opt/airflow/dags/main.py
Traceback (most recent call last):
  File "/home/airflow/.local/lib/python3.8/site-packages/airflow/models/dagbag.py", line 351, in parse
    loader.exec_module(new_module)
  File "<frozen importlib._bootstrap_external>", line 843, in exec_module
  File "<frozen importlib._bootstrap>", line 219, in _call_with_frames_removed
  File "/opt/airflow/dags/main.py", line 5, in <module>
    import dags.utils as utils
ModuleNotFoundError: No module named 'dags'
[2024-06-26T01:50:58.663+0000] {processor.py:842} WARNING - No viable dags retrieved from /opt/airflow/dags/main.py
[2024-06-26T01:50:58.701+0000] {processor.py:183} INFO - Processing /opt/airflow/dags/main.py took 0.092 seconds
[2024-06-26T01:51:28.982+0000] {processor.py:161} INFO - Started process (PID=139) to work on /opt/airflow/dags/main.py
[2024-06-26T01:51:28.983+0000] {processor.py:830} INFO - Processing file /opt/airflow/dags/main.py for tasks to queue
[2024-06-26T01:51:28.986+0000] {logging_mixin.py:188} INFO - [2024-06-26T01:51:28.986+0000] {dagbag.py:545} INFO - Filling up the DagBag from /opt/airflow/dags/main.py
[2024-06-26T01:51:29.015+0000] {logging_mixin.py:188} INFO - [2024-06-26T01:51:29.009+0000] {dagbag.py:355} ERROR - Failed to import: /opt/airflow/dags/main.py
Traceback (most recent call last):
  File "/home/airflow/.local/lib/python3.8/site-packages/airflow/models/dagbag.py", line 351, in parse
    loader.exec_module(new_module)
  File "<frozen importlib._bootstrap_external>", line 843, in exec_module
  File "<frozen importlib._bootstrap>", line 219, in _call_with_frames_removed
  File "/opt/airflow/dags/main.py", line 5, in <module>
    import dags.utils as utils
ModuleNotFoundError: No module named 'dags'
[2024-06-26T01:51:29.016+0000] {processor.py:842} WARNING - No viable dags retrieved from /opt/airflow/dags/main.py
[2024-06-26T01:51:29.057+0000] {processor.py:183} INFO - Processing /opt/airflow/dags/main.py took 0.089 seconds
[2024-06-26T01:51:59.286+0000] {processor.py:161} INFO - Started process (PID=152) to work on /opt/airflow/dags/main.py
[2024-06-26T01:51:59.288+0000] {processor.py:830} INFO - Processing file /opt/airflow/dags/main.py for tasks to queue
[2024-06-26T01:51:59.291+0000] {logging_mixin.py:188} INFO - [2024-06-26T01:51:59.290+0000] {dagbag.py:545} INFO - Filling up the DagBag from /opt/airflow/dags/main.py
[2024-06-26T01:51:59.320+0000] {logging_mixin.py:188} INFO - [2024-06-26T01:51:59.315+0000] {dagbag.py:355} ERROR - Failed to import: /opt/airflow/dags/main.py
Traceback (most recent call last):
  File "/home/airflow/.local/lib/python3.8/site-packages/airflow/models/dagbag.py", line 351, in parse
    loader.exec_module(new_module)
  File "<frozen importlib._bootstrap_external>", line 843, in exec_module
  File "<frozen importlib._bootstrap>", line 219, in _call_with_frames_removed
  File "/opt/airflow/dags/main.py", line 5, in <module>
    import dags.utils as utils
ModuleNotFoundError: No module named 'dags'
[2024-06-26T01:51:59.323+0000] {processor.py:842} WARNING - No viable dags retrieved from /opt/airflow/dags/main.py
[2024-06-26T01:51:59.349+0000] {processor.py:183} INFO - Processing /opt/airflow/dags/main.py took 0.073 seconds
[2024-06-26T01:52:29.654+0000] {processor.py:161} INFO - Started process (PID=159) to work on /opt/airflow/dags/main.py
[2024-06-26T01:52:29.655+0000] {processor.py:830} INFO - Processing file /opt/airflow/dags/main.py for tasks to queue
[2024-06-26T01:52:29.657+0000] {logging_mixin.py:188} INFO - [2024-06-26T01:52:29.657+0000] {dagbag.py:545} INFO - Filling up the DagBag from /opt/airflow/dags/main.py
[2024-06-26T01:52:29.689+0000] {logging_mixin.py:188} INFO - [2024-06-26T01:52:29.682+0000] {dagbag.py:355} ERROR - Failed to import: /opt/airflow/dags/main.py
Traceback (most recent call last):
  File "/home/airflow/.local/lib/python3.8/site-packages/airflow/models/dagbag.py", line 351, in parse
    loader.exec_module(new_module)
  File "<frozen importlib._bootstrap_external>", line 843, in exec_module
  File "<frozen importlib._bootstrap>", line 219, in _call_with_frames_removed
  File "/opt/airflow/dags/main.py", line 5, in <module>
    import dags.utils as utils
ModuleNotFoundError: No module named 'dags'
[2024-06-26T01:52:29.691+0000] {processor.py:842} WARNING - No viable dags retrieved from /opt/airflow/dags/main.py
[2024-06-26T01:52:29.722+0000] {processor.py:183} INFO - Processing /opt/airflow/dags/main.py took 0.076 seconds
[2024-06-26T01:52:59.946+0000] {processor.py:161} INFO - Started process (PID=166) to work on /opt/airflow/dags/main.py
[2024-06-26T01:52:59.947+0000] {processor.py:830} INFO - Processing file /opt/airflow/dags/main.py for tasks to queue
[2024-06-26T01:52:59.950+0000] {logging_mixin.py:188} INFO - [2024-06-26T01:52:59.949+0000] {dagbag.py:545} INFO - Filling up the DagBag from /opt/airflow/dags/main.py
[2024-06-26T01:52:59.982+0000] {logging_mixin.py:188} INFO - [2024-06-26T01:52:59.976+0000] {dagbag.py:355} ERROR - Failed to import: /opt/airflow/dags/main.py
Traceback (most recent call last):
  File "/home/airflow/.local/lib/python3.8/site-packages/airflow/models/dagbag.py", line 351, in parse
    loader.exec_module(new_module)
  File "<frozen importlib._bootstrap_external>", line 843, in exec_module
  File "<frozen importlib._bootstrap>", line 219, in _call_with_frames_removed
  File "/opt/airflow/dags/main.py", line 5, in <module>
    import dags.utils as utils
ModuleNotFoundError: No module named 'dags'
[2024-06-26T01:52:59.985+0000] {processor.py:842} WARNING - No viable dags retrieved from /opt/airflow/dags/main.py
[2024-06-26T01:53:00.014+0000] {processor.py:183} INFO - Processing /opt/airflow/dags/main.py took 0.078 seconds
[2024-06-26T01:53:30.239+0000] {processor.py:161} INFO - Started process (PID=173) to work on /opt/airflow/dags/main.py
[2024-06-26T01:53:30.240+0000] {processor.py:830} INFO - Processing file /opt/airflow/dags/main.py for tasks to queue
[2024-06-26T01:53:30.242+0000] {logging_mixin.py:188} INFO - [2024-06-26T01:53:30.242+0000] {dagbag.py:545} INFO - Filling up the DagBag from /opt/airflow/dags/main.py
[2024-06-26T01:53:30.274+0000] {logging_mixin.py:188} INFO - [2024-06-26T01:53:30.267+0000] {dagbag.py:355} ERROR - Failed to import: /opt/airflow/dags/main.py
Traceback (most recent call last):
  File "/home/airflow/.local/lib/python3.8/site-packages/airflow/models/dagbag.py", line 351, in parse
    loader.exec_module(new_module)
  File "<frozen importlib._bootstrap_external>", line 843, in exec_module
  File "<frozen importlib._bootstrap>", line 219, in _call_with_frames_removed
  File "/opt/airflow/dags/main.py", line 5, in <module>
    import dags.utils as utils
ModuleNotFoundError: No module named 'dags'
[2024-06-26T01:53:30.276+0000] {processor.py:842} WARNING - No viable dags retrieved from /opt/airflow/dags/main.py
[2024-06-26T01:53:30.303+0000] {processor.py:183} INFO - Processing /opt/airflow/dags/main.py took 0.074 seconds
[2024-06-26T01:54:00.701+0000] {processor.py:161} INFO - Started process (PID=180) to work on /opt/airflow/dags/main.py
[2024-06-26T01:54:00.703+0000] {processor.py:830} INFO - Processing file /opt/airflow/dags/main.py for tasks to queue
[2024-06-26T01:54:00.705+0000] {logging_mixin.py:188} INFO - [2024-06-26T01:54:00.705+0000] {dagbag.py:545} INFO - Filling up the DagBag from /opt/airflow/dags/main.py
[2024-06-26T01:54:00.735+0000] {logging_mixin.py:188} INFO - [2024-06-26T01:54:00.729+0000] {dagbag.py:355} ERROR - Failed to import: /opt/airflow/dags/main.py
Traceback (most recent call last):
  File "/home/airflow/.local/lib/python3.8/site-packages/airflow/models/dagbag.py", line 351, in parse
    loader.exec_module(new_module)
  File "<frozen importlib._bootstrap_external>", line 843, in exec_module
  File "<frozen importlib._bootstrap>", line 219, in _call_with_frames_removed
  File "/opt/airflow/dags/main.py", line 5, in <module>
    import dags.utils as utils
ModuleNotFoundError: No module named 'dags'
[2024-06-26T01:54:00.737+0000] {processor.py:842} WARNING - No viable dags retrieved from /opt/airflow/dags/main.py
[2024-06-26T01:54:00.766+0000] {processor.py:183} INFO - Processing /opt/airflow/dags/main.py took 0.074 seconds
[2024-06-26T01:54:31.015+0000] {processor.py:161} INFO - Started process (PID=187) to work on /opt/airflow/dags/main.py
[2024-06-26T01:54:31.016+0000] {processor.py:830} INFO - Processing file /opt/airflow/dags/main.py for tasks to queue
[2024-06-26T01:54:31.019+0000] {logging_mixin.py:188} INFO - [2024-06-26T01:54:31.019+0000] {dagbag.py:545} INFO - Filling up the DagBag from /opt/airflow/dags/main.py
[2024-06-26T01:54:31.046+0000] {logging_mixin.py:188} INFO - [2024-06-26T01:54:31.041+0000] {dagbag.py:355} ERROR - Failed to import: /opt/airflow/dags/main.py
Traceback (most recent call last):
  File "/home/airflow/.local/lib/python3.8/site-packages/airflow/models/dagbag.py", line 351, in parse
    loader.exec_module(new_module)
  File "<frozen importlib._bootstrap_external>", line 843, in exec_module
  File "<frozen importlib._bootstrap>", line 219, in _call_with_frames_removed
  File "/opt/airflow/dags/main.py", line 5, in <module>
    import dags.utils as utils
ModuleNotFoundError: No module named 'dags'
[2024-06-26T01:54:31.048+0000] {processor.py:842} WARNING - No viable dags retrieved from /opt/airflow/dags/main.py
[2024-06-26T01:54:31.080+0000] {processor.py:183} INFO - Processing /opt/airflow/dags/main.py took 0.071 seconds
[2024-06-26T01:55:01.321+0000] {processor.py:161} INFO - Started process (PID=194) to work on /opt/airflow/dags/main.py
[2024-06-26T01:55:01.323+0000] {processor.py:830} INFO - Processing file /opt/airflow/dags/main.py for tasks to queue
[2024-06-26T01:55:01.325+0000] {logging_mixin.py:188} INFO - [2024-06-26T01:55:01.325+0000] {dagbag.py:545} INFO - Filling up the DagBag from /opt/airflow/dags/main.py
[2024-06-26T01:55:01.354+0000] {logging_mixin.py:188} INFO - [2024-06-26T01:55:01.349+0000] {dagbag.py:355} ERROR - Failed to import: /opt/airflow/dags/main.py
Traceback (most recent call last):
  File "/home/airflow/.local/lib/python3.8/site-packages/airflow/models/dagbag.py", line 351, in parse
    loader.exec_module(new_module)
  File "<frozen importlib._bootstrap_external>", line 843, in exec_module
  File "<frozen importlib._bootstrap>", line 219, in _call_with_frames_removed
  File "/opt/airflow/dags/main.py", line 5, in <module>
    import dags.utils as utils
ModuleNotFoundError: No module named 'dags'
[2024-06-26T01:55:01.357+0000] {processor.py:842} WARNING - No viable dags retrieved from /opt/airflow/dags/main.py
[2024-06-26T01:55:01.388+0000] {processor.py:183} INFO - Processing /opt/airflow/dags/main.py took 0.073 seconds
[2024-06-26T01:55:05.477+0000] {processor.py:161} INFO - Started process (PID=195) to work on /opt/airflow/dags/main.py
[2024-06-26T01:55:05.479+0000] {processor.py:830} INFO - Processing file /opt/airflow/dags/main.py for tasks to queue
[2024-06-26T01:55:05.481+0000] {logging_mixin.py:188} INFO - [2024-06-26T01:55:05.481+0000] {dagbag.py:545} INFO - Filling up the DagBag from /opt/airflow/dags/main.py
[2024-06-26T01:55:06.094+0000] {processor.py:840} INFO - DAG(s) 'CelesteLongo_EntregaFinal' retrieved from /opt/airflow/dags/main.py
[2024-06-26T01:55:06.442+0000] {logging_mixin.py:188} INFO - [2024-06-26T01:55:06.442+0000] {dag.py:3096} INFO - Sync 1 DAGs
[2024-06-26T01:55:06.471+0000] {logging_mixin.py:188} INFO - [2024-06-26T01:55:06.470+0000] {dag.py:3954} INFO - Setting next_dagrun for CelesteLongo_EntregaFinal to 2024-06-24 09:00:00+00:00, run_after=2024-06-25 09:00:00+00:00
[2024-06-26T01:55:06.503+0000] {processor.py:183} INFO - Processing /opt/airflow/dags/main.py took 1.033 seconds
[2024-06-26T01:55:29.696+0000] {processor.py:161} INFO - Started process (PID=207) to work on /opt/airflow/dags/main.py
[2024-06-26T01:55:29.697+0000] {processor.py:830} INFO - Processing file /opt/airflow/dags/main.py for tasks to queue
[2024-06-26T01:55:29.700+0000] {logging_mixin.py:188} INFO - [2024-06-26T01:55:29.699+0000] {dagbag.py:545} INFO - Filling up the DagBag from /opt/airflow/dags/main.py
[2024-06-26T01:55:30.232+0000] {processor.py:840} INFO - DAG(s) 'CelesteLongo_EntregaFinal' retrieved from /opt/airflow/dags/main.py
[2024-06-26T01:55:30.251+0000] {logging_mixin.py:188} INFO - [2024-06-26T01:55:30.250+0000] {dag.py:3096} INFO - Sync 1 DAGs
[2024-06-26T01:55:30.492+0000] {logging_mixin.py:188} INFO - [2024-06-26T01:55:30.491+0000] {dag.py:3954} INFO - Setting next_dagrun for CelesteLongo_EntregaFinal to 2024-06-25 09:00:00+00:00, run_after=2024-06-26 09:00:00+00:00
[2024-06-26T01:55:30.534+0000] {processor.py:183} INFO - Processing /opt/airflow/dags/main.py took 0.848 seconds
[2024-06-26T01:56:00.952+0000] {processor.py:161} INFO - Started process (PID=215) to work on /opt/airflow/dags/main.py
[2024-06-26T01:56:00.953+0000] {processor.py:830} INFO - Processing file /opt/airflow/dags/main.py for tasks to queue
[2024-06-26T01:56:00.956+0000] {logging_mixin.py:188} INFO - [2024-06-26T01:56:00.955+0000] {dagbag.py:545} INFO - Filling up the DagBag from /opt/airflow/dags/main.py
[2024-06-26T01:56:01.386+0000] {processor.py:840} INFO - DAG(s) 'CelesteLongo_EntregaFinal' retrieved from /opt/airflow/dags/main.py
[2024-06-26T01:56:01.427+0000] {logging_mixin.py:188} INFO - [2024-06-26T01:56:01.426+0000] {dag.py:3096} INFO - Sync 1 DAGs
[2024-06-26T01:56:01.459+0000] {logging_mixin.py:188} INFO - [2024-06-26T01:56:01.458+0000] {dag.py:3954} INFO - Setting next_dagrun for CelesteLongo_EntregaFinal to 2024-06-25 09:00:00+00:00, run_after=2024-06-26 09:00:00+00:00
[2024-06-26T01:56:01.492+0000] {processor.py:183} INFO - Processing /opt/airflow/dags/main.py took 0.546 seconds
[2024-06-26T01:56:31.801+0000] {processor.py:161} INFO - Started process (PID=223) to work on /opt/airflow/dags/main.py
[2024-06-26T01:56:31.802+0000] {processor.py:830} INFO - Processing file /opt/airflow/dags/main.py for tasks to queue
[2024-06-26T01:56:31.805+0000] {logging_mixin.py:188} INFO - [2024-06-26T01:56:31.804+0000] {dagbag.py:545} INFO - Filling up the DagBag from /opt/airflow/dags/main.py
[2024-06-26T01:56:32.226+0000] {processor.py:840} INFO - DAG(s) 'CelesteLongo_EntregaFinal' retrieved from /opt/airflow/dags/main.py
[2024-06-26T01:56:32.254+0000] {logging_mixin.py:188} INFO - [2024-06-26T01:56:32.253+0000] {dag.py:3096} INFO - Sync 1 DAGs
[2024-06-26T01:56:32.278+0000] {logging_mixin.py:188} INFO - [2024-06-26T01:56:32.278+0000] {dag.py:3954} INFO - Setting next_dagrun for CelesteLongo_EntregaFinal to 2024-06-25 09:00:00+00:00, run_after=2024-06-26 09:00:00+00:00
[2024-06-26T01:56:32.448+0000] {processor.py:183} INFO - Processing /opt/airflow/dags/main.py took 0.656 seconds
[2024-06-26T01:57:02.696+0000] {processor.py:161} INFO - Started process (PID=231) to work on /opt/airflow/dags/main.py
[2024-06-26T01:57:02.698+0000] {processor.py:830} INFO - Processing file /opt/airflow/dags/main.py for tasks to queue
[2024-06-26T01:57:02.701+0000] {logging_mixin.py:188} INFO - [2024-06-26T01:57:02.700+0000] {dagbag.py:545} INFO - Filling up the DagBag from /opt/airflow/dags/main.py
[2024-06-26T01:57:03.135+0000] {processor.py:840} INFO - DAG(s) 'CelesteLongo_EntregaFinal' retrieved from /opt/airflow/dags/main.py
[2024-06-26T01:57:03.177+0000] {logging_mixin.py:188} INFO - [2024-06-26T01:57:03.176+0000] {dag.py:3096} INFO - Sync 1 DAGs
[2024-06-26T01:57:03.356+0000] {logging_mixin.py:188} INFO - [2024-06-26T01:57:03.356+0000] {dag.py:3954} INFO - Setting next_dagrun for CelesteLongo_EntregaFinal to 2024-06-25 09:00:00+00:00, run_after=2024-06-26 09:00:00+00:00
[2024-06-26T01:57:03.397+0000] {processor.py:183} INFO - Processing /opt/airflow/dags/main.py took 0.711 seconds
[2024-06-26T01:57:33.650+0000] {processor.py:161} INFO - Started process (PID=239) to work on /opt/airflow/dags/main.py
[2024-06-26T01:57:33.652+0000] {processor.py:830} INFO - Processing file /opt/airflow/dags/main.py for tasks to queue
[2024-06-26T01:57:33.654+0000] {logging_mixin.py:188} INFO - [2024-06-26T01:57:33.654+0000] {dagbag.py:545} INFO - Filling up the DagBag from /opt/airflow/dags/main.py
[2024-06-26T01:57:34.158+0000] {processor.py:840} INFO - DAG(s) 'CelesteLongo_EntregaFinal' retrieved from /opt/airflow/dags/main.py
[2024-06-26T01:57:34.194+0000] {logging_mixin.py:188} INFO - [2024-06-26T01:57:34.193+0000] {dag.py:3096} INFO - Sync 1 DAGs
[2024-06-26T01:57:34.236+0000] {logging_mixin.py:188} INFO - [2024-06-26T01:57:34.235+0000] {dag.py:3954} INFO - Setting next_dagrun for CelesteLongo_EntregaFinal to 2024-06-25 09:00:00+00:00, run_after=2024-06-26 09:00:00+00:00
[2024-06-26T01:57:34.273+0000] {processor.py:183} INFO - Processing /opt/airflow/dags/main.py took 0.631 seconds
[2024-06-26T01:58:04.577+0000] {processor.py:161} INFO - Started process (PID=247) to work on /opt/airflow/dags/main.py
[2024-06-26T01:58:04.579+0000] {processor.py:830} INFO - Processing file /opt/airflow/dags/main.py for tasks to queue
[2024-06-26T01:58:04.581+0000] {logging_mixin.py:188} INFO - [2024-06-26T01:58:04.580+0000] {dagbag.py:545} INFO - Filling up the DagBag from /opt/airflow/dags/main.py
[2024-06-26T01:58:05.019+0000] {processor.py:840} INFO - DAG(s) 'CelesteLongo_EntregaFinal' retrieved from /opt/airflow/dags/main.py
[2024-06-26T01:58:05.048+0000] {logging_mixin.py:188} INFO - [2024-06-26T01:58:05.048+0000] {dag.py:3096} INFO - Sync 1 DAGs
[2024-06-26T01:58:05.076+0000] {logging_mixin.py:188} INFO - [2024-06-26T01:58:05.076+0000] {dag.py:3954} INFO - Setting next_dagrun for CelesteLongo_EntregaFinal to 2024-06-25 09:00:00+00:00, run_after=2024-06-26 09:00:00+00:00
[2024-06-26T01:58:05.235+0000] {processor.py:183} INFO - Processing /opt/airflow/dags/main.py took 0.666 seconds
[2024-06-26T01:58:35.518+0000] {processor.py:161} INFO - Started process (PID=255) to work on /opt/airflow/dags/main.py
[2024-06-26T01:58:35.519+0000] {processor.py:830} INFO - Processing file /opt/airflow/dags/main.py for tasks to queue
[2024-06-26T01:58:35.522+0000] {logging_mixin.py:188} INFO - [2024-06-26T01:58:35.521+0000] {dagbag.py:545} INFO - Filling up the DagBag from /opt/airflow/dags/main.py
[2024-06-26T01:58:35.928+0000] {processor.py:840} INFO - DAG(s) 'CelesteLongo_EntregaFinal' retrieved from /opt/airflow/dags/main.py
[2024-06-26T01:58:35.954+0000] {logging_mixin.py:188} INFO - [2024-06-26T01:58:35.953+0000] {dag.py:3096} INFO - Sync 1 DAGs
[2024-06-26T01:58:36.104+0000] {logging_mixin.py:188} INFO - [2024-06-26T01:58:36.104+0000] {dag.py:3954} INFO - Setting next_dagrun for CelesteLongo_EntregaFinal to 2024-06-25 09:00:00+00:00, run_after=2024-06-26 09:00:00+00:00
[2024-06-26T01:58:36.139+0000] {processor.py:183} INFO - Processing /opt/airflow/dags/main.py took 0.629 seconds
[2024-06-26T01:59:06.516+0000] {processor.py:161} INFO - Started process (PID=263) to work on /opt/airflow/dags/main.py
[2024-06-26T01:59:06.517+0000] {processor.py:830} INFO - Processing file /opt/airflow/dags/main.py for tasks to queue
[2024-06-26T01:59:06.519+0000] {logging_mixin.py:188} INFO - [2024-06-26T01:59:06.519+0000] {dagbag.py:545} INFO - Filling up the DagBag from /opt/airflow/dags/main.py
[2024-06-26T01:59:06.884+0000] {processor.py:840} INFO - DAG(s) 'CelesteLongo_EntregaFinal' retrieved from /opt/airflow/dags/main.py
[2024-06-26T01:59:06.912+0000] {logging_mixin.py:188} INFO - [2024-06-26T01:59:06.912+0000] {dag.py:3096} INFO - Sync 1 DAGs
[2024-06-26T01:59:06.935+0000] {logging_mixin.py:188} INFO - [2024-06-26T01:59:06.935+0000] {dag.py:3954} INFO - Setting next_dagrun for CelesteLongo_EntregaFinal to 2024-06-25 09:00:00+00:00, run_after=2024-06-26 09:00:00+00:00
[2024-06-26T01:59:06.958+0000] {processor.py:183} INFO - Processing /opt/airflow/dags/main.py took 0.449 seconds
[2024-06-26T01:59:37.280+0000] {processor.py:161} INFO - Started process (PID=271) to work on /opt/airflow/dags/main.py
[2024-06-26T01:59:37.281+0000] {processor.py:830} INFO - Processing file /opt/airflow/dags/main.py for tasks to queue
[2024-06-26T01:59:37.284+0000] {logging_mixin.py:188} INFO - [2024-06-26T01:59:37.283+0000] {dagbag.py:545} INFO - Filling up the DagBag from /opt/airflow/dags/main.py
[2024-06-26T01:59:37.704+0000] {processor.py:840} INFO - DAG(s) 'CelesteLongo_EntregaFinal' retrieved from /opt/airflow/dags/main.py
[2024-06-26T01:59:37.734+0000] {logging_mixin.py:188} INFO - [2024-06-26T01:59:37.734+0000] {dag.py:3096} INFO - Sync 1 DAGs
[2024-06-26T01:59:37.764+0000] {logging_mixin.py:188} INFO - [2024-06-26T01:59:37.764+0000] {dag.py:3954} INFO - Setting next_dagrun for CelesteLongo_EntregaFinal to 2024-06-25 09:00:00+00:00, run_after=2024-06-26 09:00:00+00:00
[2024-06-26T01:59:37.937+0000] {processor.py:183} INFO - Processing /opt/airflow/dags/main.py took 0.666 seconds
[2024-06-26T02:00:08.152+0000] {processor.py:161} INFO - Started process (PID=279) to work on /opt/airflow/dags/main.py
[2024-06-26T02:00:08.153+0000] {processor.py:830} INFO - Processing file /opt/airflow/dags/main.py for tasks to queue
[2024-06-26T02:00:08.156+0000] {logging_mixin.py:188} INFO - [2024-06-26T02:00:08.156+0000] {dagbag.py:545} INFO - Filling up the DagBag from /opt/airflow/dags/main.py
[2024-06-26T02:00:08.732+0000] {processor.py:840} INFO - DAG(s) 'CelesteLongo_EntregaFinal' retrieved from /opt/airflow/dags/main.py
[2024-06-26T02:00:08.760+0000] {logging_mixin.py:188} INFO - [2024-06-26T02:00:08.760+0000] {dag.py:3096} INFO - Sync 1 DAGs
[2024-06-26T02:00:08.938+0000] {logging_mixin.py:188} INFO - [2024-06-26T02:00:08.937+0000] {dag.py:3954} INFO - Setting next_dagrun for CelesteLongo_EntregaFinal to 2024-06-25 09:00:00+00:00, run_after=2024-06-26 09:00:00+00:00
[2024-06-26T02:00:08.970+0000] {processor.py:183} INFO - Processing /opt/airflow/dags/main.py took 0.825 seconds
[2024-06-26T02:00:39.369+0000] {processor.py:161} INFO - Started process (PID=287) to work on /opt/airflow/dags/main.py
[2024-06-26T02:00:39.371+0000] {processor.py:830} INFO - Processing file /opt/airflow/dags/main.py for tasks to queue
[2024-06-26T02:00:39.373+0000] {logging_mixin.py:188} INFO - [2024-06-26T02:00:39.373+0000] {dagbag.py:545} INFO - Filling up the DagBag from /opt/airflow/dags/main.py
[2024-06-26T02:00:39.783+0000] {processor.py:840} INFO - DAG(s) 'CelesteLongo_EntregaFinal' retrieved from /opt/airflow/dags/main.py
[2024-06-26T02:00:39.814+0000] {logging_mixin.py:188} INFO - [2024-06-26T02:00:39.814+0000] {dag.py:3096} INFO - Sync 1 DAGs
[2024-06-26T02:00:39.844+0000] {logging_mixin.py:188} INFO - [2024-06-26T02:00:39.844+0000] {dag.py:3954} INFO - Setting next_dagrun for CelesteLongo_EntregaFinal to 2024-06-25 09:00:00+00:00, run_after=2024-06-26 09:00:00+00:00
[2024-06-26T02:00:39.873+0000] {processor.py:183} INFO - Processing /opt/airflow/dags/main.py took 0.511 seconds
[2024-06-26T02:01:10.166+0000] {processor.py:161} INFO - Started process (PID=295) to work on /opt/airflow/dags/main.py
[2024-06-26T02:01:10.168+0000] {processor.py:830} INFO - Processing file /opt/airflow/dags/main.py for tasks to queue
[2024-06-26T02:01:10.170+0000] {logging_mixin.py:188} INFO - [2024-06-26T02:01:10.170+0000] {dagbag.py:545} INFO - Filling up the DagBag from /opt/airflow/dags/main.py
[2024-06-26T02:01:10.596+0000] {processor.py:840} INFO - DAG(s) 'CelesteLongo_EntregaFinal' retrieved from /opt/airflow/dags/main.py
[2024-06-26T02:01:10.650+0000] {logging_mixin.py:188} INFO - [2024-06-26T02:01:10.649+0000] {dag.py:3096} INFO - Sync 1 DAGs
[2024-06-26T02:01:10.692+0000] {logging_mixin.py:188} INFO - [2024-06-26T02:01:10.691+0000] {dag.py:3954} INFO - Setting next_dagrun for CelesteLongo_EntregaFinal to 2024-06-25 09:00:00+00:00, run_after=2024-06-26 09:00:00+00:00
[2024-06-26T02:01:10.847+0000] {processor.py:183} INFO - Processing /opt/airflow/dags/main.py took 0.694 seconds
[2024-06-26T02:01:41.016+0000] {processor.py:161} INFO - Started process (PID=303) to work on /opt/airflow/dags/main.py
[2024-06-26T02:01:41.017+0000] {processor.py:830} INFO - Processing file /opt/airflow/dags/main.py for tasks to queue
[2024-06-26T02:01:41.019+0000] {logging_mixin.py:188} INFO - [2024-06-26T02:01:41.019+0000] {dagbag.py:545} INFO - Filling up the DagBag from /opt/airflow/dags/main.py
[2024-06-26T02:01:41.394+0000] {processor.py:840} INFO - DAG(s) 'CelesteLongo_EntregaFinal' retrieved from /opt/airflow/dags/main.py
[2024-06-26T02:01:41.424+0000] {logging_mixin.py:188} INFO - [2024-06-26T02:01:41.424+0000] {dag.py:3096} INFO - Sync 1 DAGs
[2024-06-26T02:01:41.598+0000] {logging_mixin.py:188} INFO - [2024-06-26T02:01:41.597+0000] {dag.py:3954} INFO - Setting next_dagrun for CelesteLongo_EntregaFinal to 2024-06-25 09:00:00+00:00, run_after=2024-06-26 09:00:00+00:00
[2024-06-26T02:01:41.631+0000] {processor.py:183} INFO - Processing /opt/airflow/dags/main.py took 0.622 seconds
[2024-06-26T02:02:11.955+0000] {processor.py:161} INFO - Started process (PID=311) to work on /opt/airflow/dags/main.py
[2024-06-26T02:02:11.957+0000] {processor.py:830} INFO - Processing file /opt/airflow/dags/main.py for tasks to queue
[2024-06-26T02:02:11.959+0000] {logging_mixin.py:188} INFO - [2024-06-26T02:02:11.959+0000] {dagbag.py:545} INFO - Filling up the DagBag from /opt/airflow/dags/main.py
[2024-06-26T02:02:12.383+0000] {processor.py:840} INFO - DAG(s) 'CelesteLongo_EntregaFinal' retrieved from /opt/airflow/dags/main.py
[2024-06-26T02:02:12.414+0000] {logging_mixin.py:188} INFO - [2024-06-26T02:02:12.413+0000] {dag.py:3096} INFO - Sync 1 DAGs
[2024-06-26T02:02:12.440+0000] {logging_mixin.py:188} INFO - [2024-06-26T02:02:12.440+0000] {dag.py:3954} INFO - Setting next_dagrun for CelesteLongo_EntregaFinal to 2024-06-25 09:00:00+00:00, run_after=2024-06-26 09:00:00+00:00
[2024-06-26T02:02:12.483+0000] {processor.py:183} INFO - Processing /opt/airflow/dags/main.py took 0.537 seconds
[2024-06-26T02:02:42.707+0000] {processor.py:161} INFO - Started process (PID=319) to work on /opt/airflow/dags/main.py
[2024-06-26T02:02:42.708+0000] {processor.py:830} INFO - Processing file /opt/airflow/dags/main.py for tasks to queue
[2024-06-26T02:02:42.710+0000] {logging_mixin.py:188} INFO - [2024-06-26T02:02:42.710+0000] {dagbag.py:545} INFO - Filling up the DagBag from /opt/airflow/dags/main.py
[2024-06-26T02:02:43.095+0000] {processor.py:840} INFO - DAG(s) 'CelesteLongo_EntregaFinal' retrieved from /opt/airflow/dags/main.py
[2024-06-26T02:02:43.123+0000] {logging_mixin.py:188} INFO - [2024-06-26T02:02:43.122+0000] {dag.py:3096} INFO - Sync 1 DAGs
[2024-06-26T02:02:43.151+0000] {logging_mixin.py:188} INFO - [2024-06-26T02:02:43.151+0000] {dag.py:3954} INFO - Setting next_dagrun for CelesteLongo_EntregaFinal to 2024-06-25 09:00:00+00:00, run_after=2024-06-26 09:00:00+00:00
[2024-06-26T02:02:43.343+0000] {processor.py:183} INFO - Processing /opt/airflow/dags/main.py took 0.644 seconds
[2024-06-26T02:03:13.768+0000] {processor.py:161} INFO - Started process (PID=327) to work on /opt/airflow/dags/main.py
[2024-06-26T02:03:13.770+0000] {processor.py:830} INFO - Processing file /opt/airflow/dags/main.py for tasks to queue
[2024-06-26T02:03:13.772+0000] {logging_mixin.py:188} INFO - [2024-06-26T02:03:13.772+0000] {dagbag.py:545} INFO - Filling up the DagBag from /opt/airflow/dags/main.py
[2024-06-26T02:03:14.181+0000] {processor.py:840} INFO - DAG(s) 'CelesteLongo_EntregaFinal' retrieved from /opt/airflow/dags/main.py
[2024-06-26T02:03:14.208+0000] {logging_mixin.py:188} INFO - [2024-06-26T02:03:14.208+0000] {dag.py:3096} INFO - Sync 1 DAGs
[2024-06-26T02:03:14.365+0000] {logging_mixin.py:188} INFO - [2024-06-26T02:03:14.365+0000] {dag.py:3954} INFO - Setting next_dagrun for CelesteLongo_EntregaFinal to 2024-06-25 09:00:00+00:00, run_after=2024-06-26 09:00:00+00:00
[2024-06-26T02:03:14.389+0000] {processor.py:183} INFO - Processing /opt/airflow/dags/main.py took 0.629 seconds
[2024-06-26T02:03:44.750+0000] {processor.py:161} INFO - Started process (PID=335) to work on /opt/airflow/dags/main.py
[2024-06-26T02:03:44.752+0000] {processor.py:830} INFO - Processing file /opt/airflow/dags/main.py for tasks to queue
[2024-06-26T02:03:44.754+0000] {logging_mixin.py:188} INFO - [2024-06-26T02:03:44.754+0000] {dagbag.py:545} INFO - Filling up the DagBag from /opt/airflow/dags/main.py
[2024-06-26T02:03:45.131+0000] {processor.py:840} INFO - DAG(s) 'CelesteLongo_EntregaFinal' retrieved from /opt/airflow/dags/main.py
[2024-06-26T02:03:45.288+0000] {logging_mixin.py:188} INFO - [2024-06-26T02:03:45.288+0000] {dag.py:3096} INFO - Sync 1 DAGs
[2024-06-26T02:03:45.319+0000] {logging_mixin.py:188} INFO - [2024-06-26T02:03:45.319+0000] {dag.py:3954} INFO - Setting next_dagrun for CelesteLongo_EntregaFinal to 2024-06-25 09:00:00+00:00, run_after=2024-06-26 09:00:00+00:00
[2024-06-26T02:03:45.347+0000] {processor.py:183} INFO - Processing /opt/airflow/dags/main.py took 0.605 seconds
[2024-06-26T02:04:15.759+0000] {processor.py:161} INFO - Started process (PID=343) to work on /opt/airflow/dags/main.py
[2024-06-26T02:04:15.760+0000] {processor.py:830} INFO - Processing file /opt/airflow/dags/main.py for tasks to queue
[2024-06-26T02:04:15.762+0000] {logging_mixin.py:188} INFO - [2024-06-26T02:04:15.762+0000] {dagbag.py:545} INFO - Filling up the DagBag from /opt/airflow/dags/main.py
[2024-06-26T02:04:16.148+0000] {processor.py:840} INFO - DAG(s) 'CelesteLongo_EntregaFinal' retrieved from /opt/airflow/dags/main.py
[2024-06-26T02:04:16.177+0000] {logging_mixin.py:188} INFO - [2024-06-26T02:04:16.176+0000] {dag.py:3096} INFO - Sync 1 DAGs
[2024-06-26T02:04:16.209+0000] {logging_mixin.py:188} INFO - [2024-06-26T02:04:16.208+0000] {dag.py:3954} INFO - Setting next_dagrun for CelesteLongo_EntregaFinal to 2024-06-25 09:00:00+00:00, run_after=2024-06-26 09:00:00+00:00
[2024-06-26T02:04:16.396+0000] {processor.py:183} INFO - Processing /opt/airflow/dags/main.py took 0.646 seconds
[2024-06-26T02:04:46.780+0000] {processor.py:161} INFO - Started process (PID=351) to work on /opt/airflow/dags/main.py
[2024-06-26T02:04:46.782+0000] {processor.py:830} INFO - Processing file /opt/airflow/dags/main.py for tasks to queue
[2024-06-26T02:04:46.784+0000] {logging_mixin.py:188} INFO - [2024-06-26T02:04:46.784+0000] {dagbag.py:545} INFO - Filling up the DagBag from /opt/airflow/dags/main.py
[2024-06-26T02:04:47.243+0000] {processor.py:840} INFO - DAG(s) 'CelesteLongo_EntregaFinal' retrieved from /opt/airflow/dags/main.py
[2024-06-26T02:04:47.279+0000] {logging_mixin.py:188} INFO - [2024-06-26T02:04:47.279+0000] {dag.py:3096} INFO - Sync 1 DAGs
[2024-06-26T02:04:47.444+0000] {logging_mixin.py:188} INFO - [2024-06-26T02:04:47.443+0000] {dag.py:3954} INFO - Setting next_dagrun for CelesteLongo_EntregaFinal to 2024-06-25 09:00:00+00:00, run_after=2024-06-26 09:00:00+00:00
[2024-06-26T02:04:47.467+0000] {processor.py:183} INFO - Processing /opt/airflow/dags/main.py took 0.695 seconds
[2024-06-26T02:05:17.775+0000] {processor.py:161} INFO - Started process (PID=359) to work on /opt/airflow/dags/main.py
[2024-06-26T02:05:17.776+0000] {processor.py:830} INFO - Processing file /opt/airflow/dags/main.py for tasks to queue
[2024-06-26T02:05:17.778+0000] {logging_mixin.py:188} INFO - [2024-06-26T02:05:17.778+0000] {dagbag.py:545} INFO - Filling up the DagBag from /opt/airflow/dags/main.py
[2024-06-26T02:05:18.205+0000] {processor.py:840} INFO - DAG(s) 'CelesteLongo_EntregaFinal' retrieved from /opt/airflow/dags/main.py
[2024-06-26T02:05:18.356+0000] {logging_mixin.py:188} INFO - [2024-06-26T02:05:18.355+0000] {dag.py:3096} INFO - Sync 1 DAGs
[2024-06-26T02:05:18.381+0000] {logging_mixin.py:188} INFO - [2024-06-26T02:05:18.380+0000] {dag.py:3954} INFO - Setting next_dagrun for CelesteLongo_EntregaFinal to 2024-06-25 09:00:00+00:00, run_after=2024-06-26 09:00:00+00:00
[2024-06-26T02:05:18.410+0000] {processor.py:183} INFO - Processing /opt/airflow/dags/main.py took 0.644 seconds
[2024-06-26T02:05:48.683+0000] {processor.py:161} INFO - Started process (PID=367) to work on /opt/airflow/dags/main.py
[2024-06-26T02:05:48.685+0000] {processor.py:830} INFO - Processing file /opt/airflow/dags/main.py for tasks to queue
[2024-06-26T02:05:48.687+0000] {logging_mixin.py:188} INFO - [2024-06-26T02:05:48.687+0000] {dagbag.py:545} INFO - Filling up the DagBag from /opt/airflow/dags/main.py
[2024-06-26T02:05:49.081+0000] {processor.py:840} INFO - DAG(s) 'CelesteLongo_EntregaFinal' retrieved from /opt/airflow/dags/main.py
[2024-06-26T02:05:49.108+0000] {logging_mixin.py:188} INFO - [2024-06-26T02:05:49.107+0000] {dag.py:3096} INFO - Sync 1 DAGs
[2024-06-26T02:05:49.132+0000] {logging_mixin.py:188} INFO - [2024-06-26T02:05:49.131+0000] {dag.py:3954} INFO - Setting next_dagrun for CelesteLongo_EntregaFinal to 2024-06-25 09:00:00+00:00, run_after=2024-06-26 09:00:00+00:00
[2024-06-26T02:05:49.288+0000] {processor.py:183} INFO - Processing /opt/airflow/dags/main.py took 0.613 seconds
[2024-06-26T02:06:19.608+0000] {processor.py:161} INFO - Started process (PID=375) to work on /opt/airflow/dags/main.py
[2024-06-26T02:06:19.609+0000] {processor.py:830} INFO - Processing file /opt/airflow/dags/main.py for tasks to queue
[2024-06-26T02:06:19.611+0000] {logging_mixin.py:188} INFO - [2024-06-26T02:06:19.611+0000] {dagbag.py:545} INFO - Filling up the DagBag from /opt/airflow/dags/main.py
[2024-06-26T02:06:19.995+0000] {processor.py:840} INFO - DAG(s) 'CelesteLongo_EntregaFinal' retrieved from /opt/airflow/dags/main.py
[2024-06-26T02:06:20.028+0000] {logging_mixin.py:188} INFO - [2024-06-26T02:06:20.028+0000] {dag.py:3096} INFO - Sync 1 DAGs
[2024-06-26T02:06:20.188+0000] {logging_mixin.py:188} INFO - [2024-06-26T02:06:20.187+0000] {dag.py:3954} INFO - Setting next_dagrun for CelesteLongo_EntregaFinal to 2024-06-25 09:00:00+00:00, run_after=2024-06-26 09:00:00+00:00
[2024-06-26T02:06:20.213+0000] {processor.py:183} INFO - Processing /opt/airflow/dags/main.py took 0.614 seconds
[2024-06-26T02:06:50.350+0000] {processor.py:161} INFO - Started process (PID=383) to work on /opt/airflow/dags/main.py
[2024-06-26T02:06:50.352+0000] {processor.py:830} INFO - Processing file /opt/airflow/dags/main.py for tasks to queue
[2024-06-26T02:06:50.354+0000] {logging_mixin.py:188} INFO - [2024-06-26T02:06:50.354+0000] {dagbag.py:545} INFO - Filling up the DagBag from /opt/airflow/dags/main.py
[2024-06-26T02:06:50.720+0000] {processor.py:840} INFO - DAG(s) 'CelesteLongo_EntregaFinal' retrieved from /opt/airflow/dags/main.py
[2024-06-26T02:06:50.919+0000] {logging_mixin.py:188} INFO - [2024-06-26T02:06:50.919+0000] {dag.py:3096} INFO - Sync 1 DAGs
[2024-06-26T02:06:50.947+0000] {logging_mixin.py:188} INFO - [2024-06-26T02:06:50.947+0000] {dag.py:3954} INFO - Setting next_dagrun for CelesteLongo_EntregaFinal to 2024-06-25 09:00:00+00:00, run_after=2024-06-26 09:00:00+00:00
[2024-06-26T02:06:50.981+0000] {processor.py:183} INFO - Processing /opt/airflow/dags/main.py took 0.640 seconds
[2024-06-26T02:07:21.355+0000] {processor.py:161} INFO - Started process (PID=391) to work on /opt/airflow/dags/main.py
[2024-06-26T02:07:21.357+0000] {processor.py:830} INFO - Processing file /opt/airflow/dags/main.py for tasks to queue
[2024-06-26T02:07:21.359+0000] {logging_mixin.py:188} INFO - [2024-06-26T02:07:21.358+0000] {dagbag.py:545} INFO - Filling up the DagBag from /opt/airflow/dags/main.py
[2024-06-26T02:07:21.721+0000] {processor.py:840} INFO - DAG(s) 'CelesteLongo_EntregaFinal' retrieved from /opt/airflow/dags/main.py
[2024-06-26T02:07:21.750+0000] {logging_mixin.py:188} INFO - [2024-06-26T02:07:21.750+0000] {dag.py:3096} INFO - Sync 1 DAGs
[2024-06-26T02:07:21.778+0000] {logging_mixin.py:188} INFO - [2024-06-26T02:07:21.777+0000] {dag.py:3954} INFO - Setting next_dagrun for CelesteLongo_EntregaFinal to 2024-06-25 09:00:00+00:00, run_after=2024-06-26 09:00:00+00:00
[2024-06-26T02:07:21.938+0000] {processor.py:183} INFO - Processing /opt/airflow/dags/main.py took 0.591 seconds
[2024-06-26T02:07:52.098+0000] {processor.py:161} INFO - Started process (PID=399) to work on /opt/airflow/dags/main.py
[2024-06-26T02:07:52.099+0000] {processor.py:830} INFO - Processing file /opt/airflow/dags/main.py for tasks to queue
[2024-06-26T02:07:52.102+0000] {logging_mixin.py:188} INFO - [2024-06-26T02:07:52.102+0000] {dagbag.py:545} INFO - Filling up the DagBag from /opt/airflow/dags/main.py
[2024-06-26T02:07:52.480+0000] {processor.py:840} INFO - DAG(s) 'CelesteLongo_EntregaFinal' retrieved from /opt/airflow/dags/main.py
[2024-06-26T02:07:52.506+0000] {logging_mixin.py:188} INFO - [2024-06-26T02:07:52.506+0000] {dag.py:3096} INFO - Sync 1 DAGs
[2024-06-26T02:07:52.676+0000] {logging_mixin.py:188} INFO - [2024-06-26T02:07:52.675+0000] {dag.py:3954} INFO - Setting next_dagrun for CelesteLongo_EntregaFinal to 2024-06-25 09:00:00+00:00, run_after=2024-06-26 09:00:00+00:00
[2024-06-26T02:07:52.709+0000] {processor.py:183} INFO - Processing /opt/airflow/dags/main.py took 0.621 seconds
[2024-06-26T02:08:23.078+0000] {processor.py:161} INFO - Started process (PID=407) to work on /opt/airflow/dags/main.py
[2024-06-26T02:08:23.079+0000] {processor.py:830} INFO - Processing file /opt/airflow/dags/main.py for tasks to queue
[2024-06-26T02:08:23.082+0000] {logging_mixin.py:188} INFO - [2024-06-26T02:08:23.081+0000] {dagbag.py:545} INFO - Filling up the DagBag from /opt/airflow/dags/main.py
[2024-06-26T02:08:23.538+0000] {processor.py:840} INFO - DAG(s) 'CelesteLongo_EntregaFinal' retrieved from /opt/airflow/dags/main.py
[2024-06-26T02:08:23.734+0000] {logging_mixin.py:188} INFO - [2024-06-26T02:08:23.734+0000] {dag.py:3096} INFO - Sync 1 DAGs
[2024-06-26T02:08:23.761+0000] {logging_mixin.py:188} INFO - [2024-06-26T02:08:23.761+0000] {dag.py:3954} INFO - Setting next_dagrun for CelesteLongo_EntregaFinal to 2024-06-25 09:00:00+00:00, run_after=2024-06-26 09:00:00+00:00
[2024-06-26T02:08:23.792+0000] {processor.py:183} INFO - Processing /opt/airflow/dags/main.py took 0.722 seconds
[2024-06-26T02:08:53.891+0000] {processor.py:161} INFO - Started process (PID=415) to work on /opt/airflow/dags/main.py
[2024-06-26T02:08:53.892+0000] {processor.py:830} INFO - Processing file /opt/airflow/dags/main.py for tasks to queue
[2024-06-26T02:08:53.894+0000] {logging_mixin.py:188} INFO - [2024-06-26T02:08:53.894+0000] {dagbag.py:545} INFO - Filling up the DagBag from /opt/airflow/dags/main.py
[2024-06-26T02:08:54.563+0000] {processor.py:840} INFO - DAG(s) 'CelesteLongo_EntregaFinal' retrieved from /opt/airflow/dags/main.py
[2024-06-26T02:08:54.647+0000] {logging_mixin.py:188} INFO - [2024-06-26T02:08:54.646+0000] {dag.py:3096} INFO - Sync 1 DAGs
[2024-06-26T02:08:54.740+0000] {logging_mixin.py:188} INFO - [2024-06-26T02:08:54.739+0000] {dag.py:3954} INFO - Setting next_dagrun for CelesteLongo_EntregaFinal to 2024-06-25 09:00:00+00:00, run_after=2024-06-26 09:00:00+00:00
[2024-06-26T02:08:55.034+0000] {processor.py:183} INFO - Processing /opt/airflow/dags/main.py took 1.151 seconds
[2024-06-26T02:09:25.240+0000] {processor.py:161} INFO - Started process (PID=423) to work on /opt/airflow/dags/main.py
[2024-06-26T02:09:25.242+0000] {processor.py:830} INFO - Processing file /opt/airflow/dags/main.py for tasks to queue
[2024-06-26T02:09:25.245+0000] {logging_mixin.py:188} INFO - [2024-06-26T02:09:25.245+0000] {dagbag.py:545} INFO - Filling up the DagBag from /opt/airflow/dags/main.py
[2024-06-26T02:09:25.708+0000] {processor.py:840} INFO - DAG(s) 'CelesteLongo_EntregaFinal' retrieved from /opt/airflow/dags/main.py
[2024-06-26T02:09:25.738+0000] {logging_mixin.py:188} INFO - [2024-06-26T02:09:25.737+0000] {dag.py:3096} INFO - Sync 1 DAGs
[2024-06-26T02:09:25.906+0000] {logging_mixin.py:188} INFO - [2024-06-26T02:09:25.905+0000] {dag.py:3954} INFO - Setting next_dagrun for CelesteLongo_EntregaFinal to 2024-06-25 09:00:00+00:00, run_after=2024-06-26 09:00:00+00:00
[2024-06-26T02:09:25.931+0000] {processor.py:183} INFO - Processing /opt/airflow/dags/main.py took 0.701 seconds
[2024-06-26T02:09:56.297+0000] {processor.py:161} INFO - Started process (PID=431) to work on /opt/airflow/dags/main.py
[2024-06-26T02:09:56.298+0000] {processor.py:830} INFO - Processing file /opt/airflow/dags/main.py for tasks to queue
[2024-06-26T02:09:56.301+0000] {logging_mixin.py:188} INFO - [2024-06-26T02:09:56.300+0000] {dagbag.py:545} INFO - Filling up the DagBag from /opt/airflow/dags/main.py
[2024-06-26T02:09:56.755+0000] {processor.py:840} INFO - DAG(s) 'CelesteLongo_EntregaFinal' retrieved from /opt/airflow/dags/main.py
[2024-06-26T02:09:56.929+0000] {logging_mixin.py:188} INFO - [2024-06-26T02:09:56.928+0000] {dag.py:3096} INFO - Sync 1 DAGs
[2024-06-26T02:09:56.959+0000] {logging_mixin.py:188} INFO - [2024-06-26T02:09:56.959+0000] {dag.py:3954} INFO - Setting next_dagrun for CelesteLongo_EntregaFinal to 2024-06-25 09:00:00+00:00, run_after=2024-06-26 09:00:00+00:00
[2024-06-26T02:09:56.991+0000] {processor.py:183} INFO - Processing /opt/airflow/dags/main.py took 0.703 seconds
[2024-06-26T02:10:27.358+0000] {processor.py:161} INFO - Started process (PID=439) to work on /opt/airflow/dags/main.py
[2024-06-26T02:10:27.360+0000] {processor.py:830} INFO - Processing file /opt/airflow/dags/main.py for tasks to queue
[2024-06-26T02:10:27.362+0000] {logging_mixin.py:188} INFO - [2024-06-26T02:10:27.361+0000] {dagbag.py:545} INFO - Filling up the DagBag from /opt/airflow/dags/main.py
[2024-06-26T02:10:27.849+0000] {processor.py:840} INFO - DAG(s) 'CelesteLongo_EntregaFinal' retrieved from /opt/airflow/dags/main.py
[2024-06-26T02:10:27.881+0000] {logging_mixin.py:188} INFO - [2024-06-26T02:10:27.881+0000] {dag.py:3096} INFO - Sync 1 DAGs
[2024-06-26T02:10:27.910+0000] {logging_mixin.py:188} INFO - [2024-06-26T02:10:27.909+0000] {dag.py:3954} INFO - Setting next_dagrun for CelesteLongo_EntregaFinal to 2024-06-25 09:00:00+00:00, run_after=2024-06-26 09:00:00+00:00
[2024-06-26T02:10:28.065+0000] {processor.py:183} INFO - Processing /opt/airflow/dags/main.py took 0.717 seconds
[2024-06-26T02:10:58.163+0000] {processor.py:161} INFO - Started process (PID=447) to work on /opt/airflow/dags/main.py
[2024-06-26T02:10:58.165+0000] {processor.py:830} INFO - Processing file /opt/airflow/dags/main.py for tasks to queue
[2024-06-26T02:10:58.167+0000] {logging_mixin.py:188} INFO - [2024-06-26T02:10:58.167+0000] {dagbag.py:545} INFO - Filling up the DagBag from /opt/airflow/dags/main.py
[2024-06-26T02:10:58.510+0000] {processor.py:840} INFO - DAG(s) 'CelesteLongo_EntregaFinal' retrieved from /opt/airflow/dags/main.py
[2024-06-26T02:10:58.539+0000] {logging_mixin.py:188} INFO - [2024-06-26T02:10:58.538+0000] {dag.py:3096} INFO - Sync 1 DAGs
[2024-06-26T02:10:58.716+0000] {logging_mixin.py:188} INFO - [2024-06-26T02:10:58.715+0000] {dag.py:3954} INFO - Setting next_dagrun for CelesteLongo_EntregaFinal to 2024-06-25 09:00:00+00:00, run_after=2024-06-26 09:00:00+00:00
[2024-06-26T02:10:58.741+0000] {processor.py:183} INFO - Processing /opt/airflow/dags/main.py took 0.587 seconds
[2024-06-26T02:11:29.032+0000] {processor.py:161} INFO - Started process (PID=455) to work on /opt/airflow/dags/main.py
[2024-06-26T02:11:29.034+0000] {processor.py:830} INFO - Processing file /opt/airflow/dags/main.py for tasks to queue
[2024-06-26T02:11:29.036+0000] {logging_mixin.py:188} INFO - [2024-06-26T02:11:29.036+0000] {dagbag.py:545} INFO - Filling up the DagBag from /opt/airflow/dags/main.py
[2024-06-26T02:11:29.440+0000] {processor.py:840} INFO - DAG(s) 'CelesteLongo_EntregaFinal' retrieved from /opt/airflow/dags/main.py
[2024-06-26T02:11:29.722+0000] {logging_mixin.py:188} INFO - [2024-06-26T02:11:29.722+0000] {dag.py:3096} INFO - Sync 1 DAGs
[2024-06-26T02:11:29.755+0000] {logging_mixin.py:188} INFO - [2024-06-26T02:11:29.755+0000] {dag.py:3954} INFO - Setting next_dagrun for CelesteLongo_EntregaFinal to 2024-06-25 09:00:00+00:00, run_after=2024-06-26 09:00:00+00:00
[2024-06-26T02:11:29.779+0000] {processor.py:183} INFO - Processing /opt/airflow/dags/main.py took 0.754 seconds
[2024-06-26T02:11:59.975+0000] {processor.py:161} INFO - Started process (PID=463) to work on /opt/airflow/dags/main.py
[2024-06-26T02:11:59.977+0000] {processor.py:830} INFO - Processing file /opt/airflow/dags/main.py for tasks to queue
[2024-06-26T02:11:59.979+0000] {logging_mixin.py:188} INFO - [2024-06-26T02:11:59.978+0000] {dagbag.py:545} INFO - Filling up the DagBag from /opt/airflow/dags/main.py
[2024-06-26T02:12:00.339+0000] {processor.py:840} INFO - DAG(s) 'CelesteLongo_EntregaFinal' retrieved from /opt/airflow/dags/main.py
[2024-06-26T02:12:00.368+0000] {logging_mixin.py:188} INFO - [2024-06-26T02:12:00.368+0000] {dag.py:3096} INFO - Sync 1 DAGs
[2024-06-26T02:12:00.393+0000] {logging_mixin.py:188} INFO - [2024-06-26T02:12:00.393+0000] {dag.py:3954} INFO - Setting next_dagrun for CelesteLongo_EntregaFinal to 2024-06-25 09:00:00+00:00, run_after=2024-06-26 09:00:00+00:00
[2024-06-26T02:12:00.557+0000] {processor.py:183} INFO - Processing /opt/airflow/dags/main.py took 0.589 seconds
[2024-06-26T02:12:30.965+0000] {processor.py:161} INFO - Started process (PID=471) to work on /opt/airflow/dags/main.py
[2024-06-26T02:12:30.967+0000] {processor.py:830} INFO - Processing file /opt/airflow/dags/main.py for tasks to queue
[2024-06-26T02:12:30.971+0000] {logging_mixin.py:188} INFO - [2024-06-26T02:12:30.970+0000] {dagbag.py:545} INFO - Filling up the DagBag from /opt/airflow/dags/main.py
[2024-06-26T02:12:31.413+0000] {processor.py:840} INFO - DAG(s) 'CelesteLongo_EntregaFinal' retrieved from /opt/airflow/dags/main.py
[2024-06-26T02:12:31.441+0000] {logging_mixin.py:188} INFO - [2024-06-26T02:12:31.440+0000] {dag.py:3096} INFO - Sync 1 DAGs
[2024-06-26T02:12:31.602+0000] {logging_mixin.py:188} INFO - [2024-06-26T02:12:31.601+0000] {dag.py:3954} INFO - Setting next_dagrun for CelesteLongo_EntregaFinal to 2024-06-25 09:00:00+00:00, run_after=2024-06-26 09:00:00+00:00
[2024-06-26T02:12:31.636+0000] {processor.py:183} INFO - Processing /opt/airflow/dags/main.py took 0.684 seconds
[2024-06-26T02:13:01.761+0000] {processor.py:161} INFO - Started process (PID=485) to work on /opt/airflow/dags/main.py
[2024-06-26T02:13:01.762+0000] {processor.py:830} INFO - Processing file /opt/airflow/dags/main.py for tasks to queue
[2024-06-26T02:13:01.765+0000] {logging_mixin.py:188} INFO - [2024-06-26T02:13:01.764+0000] {dagbag.py:545} INFO - Filling up the DagBag from /opt/airflow/dags/main.py
[2024-06-26T02:13:02.201+0000] {processor.py:840} INFO - DAG(s) 'CelesteLongo_EntregaFinal' retrieved from /opt/airflow/dags/main.py
[2024-06-26T02:13:02.388+0000] {logging_mixin.py:188} INFO - [2024-06-26T02:13:02.387+0000] {dag.py:3096} INFO - Sync 1 DAGs
[2024-06-26T02:13:02.420+0000] {logging_mixin.py:188} INFO - [2024-06-26T02:13:02.420+0000] {dag.py:3954} INFO - Setting next_dagrun for CelesteLongo_EntregaFinal to 2024-06-25 09:00:00+00:00, run_after=2024-06-26 09:00:00+00:00
[2024-06-26T02:13:02.443+0000] {processor.py:183} INFO - Processing /opt/airflow/dags/main.py took 0.692 seconds
[2024-06-26T02:13:32.795+0000] {processor.py:161} INFO - Started process (PID=493) to work on /opt/airflow/dags/main.py
[2024-06-26T02:13:32.797+0000] {processor.py:830} INFO - Processing file /opt/airflow/dags/main.py for tasks to queue
[2024-06-26T02:13:32.799+0000] {logging_mixin.py:188} INFO - [2024-06-26T02:13:32.799+0000] {dagbag.py:545} INFO - Filling up the DagBag from /opt/airflow/dags/main.py
[2024-06-26T02:13:33.248+0000] {processor.py:840} INFO - DAG(s) 'CelesteLongo_EntregaFinal' retrieved from /opt/airflow/dags/main.py
[2024-06-26T02:13:33.286+0000] {logging_mixin.py:188} INFO - [2024-06-26T02:13:33.286+0000] {dag.py:3096} INFO - Sync 1 DAGs
[2024-06-26T02:13:33.321+0000] {logging_mixin.py:188} INFO - [2024-06-26T02:13:33.320+0000] {dag.py:3954} INFO - Setting next_dagrun for CelesteLongo_EntregaFinal to 2024-06-25 09:00:00+00:00, run_after=2024-06-26 09:00:00+00:00
[2024-06-26T02:13:33.501+0000] {processor.py:183} INFO - Processing /opt/airflow/dags/main.py took 0.715 seconds
[2024-06-26T02:14:03.650+0000] {processor.py:161} INFO - Started process (PID=501) to work on /opt/airflow/dags/main.py
[2024-06-26T02:14:03.651+0000] {processor.py:830} INFO - Processing file /opt/airflow/dags/main.py for tasks to queue
[2024-06-26T02:14:03.654+0000] {logging_mixin.py:188} INFO - [2024-06-26T02:14:03.654+0000] {dagbag.py:545} INFO - Filling up the DagBag from /opt/airflow/dags/main.py
[2024-06-26T02:14:04.107+0000] {processor.py:840} INFO - DAG(s) 'CelesteLongo_EntregaFinal' retrieved from /opt/airflow/dags/main.py
[2024-06-26T02:14:04.143+0000] {logging_mixin.py:188} INFO - [2024-06-26T02:14:04.142+0000] {dag.py:3096} INFO - Sync 1 DAGs
[2024-06-26T02:14:04.326+0000] {logging_mixin.py:188} INFO - [2024-06-26T02:14:04.325+0000] {dag.py:3954} INFO - Setting next_dagrun for CelesteLongo_EntregaFinal to 2024-06-25 09:00:00+00:00, run_after=2024-06-26 09:00:00+00:00
[2024-06-26T02:14:04.362+0000] {processor.py:183} INFO - Processing /opt/airflow/dags/main.py took 0.721 seconds
[2024-06-26T02:14:34.699+0000] {processor.py:161} INFO - Started process (PID=509) to work on /opt/airflow/dags/main.py
[2024-06-26T02:14:34.701+0000] {processor.py:830} INFO - Processing file /opt/airflow/dags/main.py for tasks to queue
[2024-06-26T02:14:34.707+0000] {logging_mixin.py:188} INFO - [2024-06-26T02:14:34.706+0000] {dagbag.py:545} INFO - Filling up the DagBag from /opt/airflow/dags/main.py
[2024-06-26T02:14:35.316+0000] {processor.py:840} INFO - DAG(s) 'CelesteLongo_EntregaFinal' retrieved from /opt/airflow/dags/main.py
[2024-06-26T02:14:35.507+0000] {logging_mixin.py:188} INFO - [2024-06-26T02:14:35.506+0000] {dag.py:3096} INFO - Sync 1 DAGs
[2024-06-26T02:14:35.539+0000] {logging_mixin.py:188} INFO - [2024-06-26T02:14:35.538+0000] {dag.py:3954} INFO - Setting next_dagrun for CelesteLongo_EntregaFinal to 2024-06-25 09:00:00+00:00, run_after=2024-06-26 09:00:00+00:00
[2024-06-26T02:14:35.567+0000] {processor.py:183} INFO - Processing /opt/airflow/dags/main.py took 0.876 seconds
[2024-06-26T02:15:05.939+0000] {processor.py:161} INFO - Started process (PID=517) to work on /opt/airflow/dags/main.py
[2024-06-26T02:15:05.947+0000] {processor.py:830} INFO - Processing file /opt/airflow/dags/main.py for tasks to queue
[2024-06-26T02:15:05.956+0000] {logging_mixin.py:188} INFO - [2024-06-26T02:15:05.955+0000] {dagbag.py:545} INFO - Filling up the DagBag from /opt/airflow/dags/main.py
[2024-06-26T02:15:06.748+0000] {processor.py:840} INFO - DAG(s) 'CelesteLongo_EntregaFinal' retrieved from /opt/airflow/dags/main.py
[2024-06-26T02:15:06.788+0000] {logging_mixin.py:188} INFO - [2024-06-26T02:15:06.787+0000] {dag.py:3096} INFO - Sync 1 DAGs
[2024-06-26T02:15:06.825+0000] {logging_mixin.py:188} INFO - [2024-06-26T02:15:06.825+0000] {dag.py:3954} INFO - Setting next_dagrun for CelesteLongo_EntregaFinal to 2024-06-25 09:00:00+00:00, run_after=2024-06-26 09:00:00+00:00
[2024-06-26T02:15:07.028+0000] {processor.py:183} INFO - Processing /opt/airflow/dags/main.py took 1.108 seconds
[2024-06-26T02:15:37.199+0000] {processor.py:161} INFO - Started process (PID=525) to work on /opt/airflow/dags/main.py
[2024-06-26T02:15:37.201+0000] {processor.py:830} INFO - Processing file /opt/airflow/dags/main.py for tasks to queue
[2024-06-26T02:15:37.204+0000] {logging_mixin.py:188} INFO - [2024-06-26T02:15:37.203+0000] {dagbag.py:545} INFO - Filling up the DagBag from /opt/airflow/dags/main.py
[2024-06-26T02:15:37.702+0000] {processor.py:840} INFO - DAG(s) 'CelesteLongo_EntregaFinal' retrieved from /opt/airflow/dags/main.py
[2024-06-26T02:15:37.735+0000] {logging_mixin.py:188} INFO - [2024-06-26T02:15:37.735+0000] {dag.py:3096} INFO - Sync 1 DAGs
[2024-06-26T02:15:37.921+0000] {logging_mixin.py:188} INFO - [2024-06-26T02:15:37.920+0000] {dag.py:3954} INFO - Setting next_dagrun for CelesteLongo_EntregaFinal to 2024-06-25 09:00:00+00:00, run_after=2024-06-26 09:00:00+00:00
[2024-06-26T02:15:37.950+0000] {processor.py:183} INFO - Processing /opt/airflow/dags/main.py took 0.759 seconds
[2024-06-26T02:16:08.270+0000] {processor.py:161} INFO - Started process (PID=533) to work on /opt/airflow/dags/main.py
[2024-06-26T02:16:08.271+0000] {processor.py:830} INFO - Processing file /opt/airflow/dags/main.py for tasks to queue
[2024-06-26T02:16:08.273+0000] {logging_mixin.py:188} INFO - [2024-06-26T02:16:08.273+0000] {dagbag.py:545} INFO - Filling up the DagBag from /opt/airflow/dags/main.py
[2024-06-26T02:16:08.615+0000] {processor.py:840} INFO - DAG(s) 'CelesteLongo_EntregaFinal' retrieved from /opt/airflow/dags/main.py
[2024-06-26T02:16:08.783+0000] {logging_mixin.py:188} INFO - [2024-06-26T02:16:08.782+0000] {dag.py:3096} INFO - Sync 1 DAGs
[2024-06-26T02:16:08.817+0000] {logging_mixin.py:188} INFO - [2024-06-26T02:16:08.817+0000] {dag.py:3954} INFO - Setting next_dagrun for CelesteLongo_EntregaFinal to 2024-06-25 09:00:00+00:00, run_after=2024-06-26 09:00:00+00:00
[2024-06-26T02:16:08.852+0000] {processor.py:183} INFO - Processing /opt/airflow/dags/main.py took 0.589 seconds
[2024-06-26T02:16:39.243+0000] {processor.py:161} INFO - Started process (PID=541) to work on /opt/airflow/dags/main.py
[2024-06-26T02:16:39.247+0000] {processor.py:830} INFO - Processing file /opt/airflow/dags/main.py for tasks to queue
[2024-06-26T02:16:39.251+0000] {logging_mixin.py:188} INFO - [2024-06-26T02:16:39.251+0000] {dagbag.py:545} INFO - Filling up the DagBag from /opt/airflow/dags/main.py
[2024-06-26T02:16:39.864+0000] {processor.py:840} INFO - DAG(s) 'CelesteLongo_EntregaFinal' retrieved from /opt/airflow/dags/main.py
[2024-06-26T02:16:39.894+0000] {logging_mixin.py:188} INFO - [2024-06-26T02:16:39.893+0000] {dag.py:3096} INFO - Sync 1 DAGs
[2024-06-26T02:16:39.917+0000] {logging_mixin.py:188} INFO - [2024-06-26T02:16:39.917+0000] {dag.py:3954} INFO - Setting next_dagrun for CelesteLongo_EntregaFinal to 2024-06-25 09:00:00+00:00, run_after=2024-06-26 09:00:00+00:00
[2024-06-26T02:16:40.081+0000] {processor.py:183} INFO - Processing /opt/airflow/dags/main.py took 0.867 seconds
[2024-06-26T02:17:10.178+0000] {processor.py:161} INFO - Started process (PID=549) to work on /opt/airflow/dags/main.py
[2024-06-26T02:17:10.180+0000] {processor.py:830} INFO - Processing file /opt/airflow/dags/main.py for tasks to queue
[2024-06-26T02:17:10.183+0000] {logging_mixin.py:188} INFO - [2024-06-26T02:17:10.182+0000] {dagbag.py:545} INFO - Filling up the DagBag from /opt/airflow/dags/main.py
[2024-06-26T02:17:10.566+0000] {processor.py:840} INFO - DAG(s) 'CelesteLongo_EntregaFinal' retrieved from /opt/airflow/dags/main.py
[2024-06-26T02:17:10.594+0000] {logging_mixin.py:188} INFO - [2024-06-26T02:17:10.594+0000] {dag.py:3096} INFO - Sync 1 DAGs
[2024-06-26T02:17:10.783+0000] {logging_mixin.py:188} INFO - [2024-06-26T02:17:10.783+0000] {dag.py:3954} INFO - Setting next_dagrun for CelesteLongo_EntregaFinal to 2024-06-25 09:00:00+00:00, run_after=2024-06-26 09:00:00+00:00
[2024-06-26T02:17:10.819+0000] {processor.py:183} INFO - Processing /opt/airflow/dags/main.py took 0.648 seconds
[2024-06-26T02:17:41.247+0000] {processor.py:161} INFO - Started process (PID=557) to work on /opt/airflow/dags/main.py
[2024-06-26T02:17:41.252+0000] {processor.py:830} INFO - Processing file /opt/airflow/dags/main.py for tasks to queue
[2024-06-26T02:17:41.265+0000] {logging_mixin.py:188} INFO - [2024-06-26T02:17:41.263+0000] {dagbag.py:545} INFO - Filling up the DagBag from /opt/airflow/dags/main.py
[2024-06-26T02:17:42.548+0000] {processor.py:840} INFO - DAG(s) 'CelesteLongo_EntregaFinal' retrieved from /opt/airflow/dags/main.py
[2024-06-26T02:17:42.922+0000] {logging_mixin.py:188} INFO - [2024-06-26T02:17:42.921+0000] {dag.py:3096} INFO - Sync 1 DAGs
[2024-06-26T02:17:42.988+0000] {logging_mixin.py:188} INFO - [2024-06-26T02:17:42.987+0000] {dag.py:3954} INFO - Setting next_dagrun for CelesteLongo_EntregaFinal to 2024-06-25 09:00:00+00:00, run_after=2024-06-26 09:00:00+00:00
[2024-06-26T02:17:43.030+0000] {processor.py:183} INFO - Processing /opt/airflow/dags/main.py took 1.821 seconds
[2024-06-26T02:18:13.337+0000] {processor.py:161} INFO - Started process (PID=565) to work on /opt/airflow/dags/main.py
[2024-06-26T02:18:13.339+0000] {processor.py:830} INFO - Processing file /opt/airflow/dags/main.py for tasks to queue
[2024-06-26T02:18:13.341+0000] {logging_mixin.py:188} INFO - [2024-06-26T02:18:13.341+0000] {dagbag.py:545} INFO - Filling up the DagBag from /opt/airflow/dags/main.py
[2024-06-26T02:18:13.832+0000] {processor.py:840} INFO - DAG(s) 'CelesteLongo_EntregaFinal' retrieved from /opt/airflow/dags/main.py
[2024-06-26T02:18:13.862+0000] {logging_mixin.py:188} INFO - [2024-06-26T02:18:13.861+0000] {dag.py:3096} INFO - Sync 1 DAGs
[2024-06-26T02:18:13.888+0000] {logging_mixin.py:188} INFO - [2024-06-26T02:18:13.888+0000] {dag.py:3954} INFO - Setting next_dagrun for CelesteLongo_EntregaFinal to 2024-06-25 09:00:00+00:00, run_after=2024-06-26 09:00:00+00:00
[2024-06-26T02:18:14.115+0000] {processor.py:183} INFO - Processing /opt/airflow/dags/main.py took 0.790 seconds
[2024-06-26T02:18:44.208+0000] {processor.py:161} INFO - Started process (PID=573) to work on /opt/airflow/dags/main.py
[2024-06-26T02:18:44.209+0000] {processor.py:830} INFO - Processing file /opt/airflow/dags/main.py for tasks to queue
[2024-06-26T02:18:44.212+0000] {logging_mixin.py:188} INFO - [2024-06-26T02:18:44.211+0000] {dagbag.py:545} INFO - Filling up the DagBag from /opt/airflow/dags/main.py
[2024-06-26T02:18:44.628+0000] {processor.py:840} INFO - DAG(s) 'CelesteLongo_EntregaFinal' retrieved from /opt/airflow/dags/main.py
[2024-06-26T02:18:44.658+0000] {logging_mixin.py:188} INFO - [2024-06-26T02:18:44.657+0000] {dag.py:3096} INFO - Sync 1 DAGs
[2024-06-26T02:18:44.832+0000] {logging_mixin.py:188} INFO - [2024-06-26T02:18:44.831+0000] {dag.py:3954} INFO - Setting next_dagrun for CelesteLongo_EntregaFinal to 2024-06-25 09:00:00+00:00, run_after=2024-06-26 09:00:00+00:00
[2024-06-26T02:18:44.876+0000] {processor.py:183} INFO - Processing /opt/airflow/dags/main.py took 0.677 seconds
[2024-06-26T02:19:15.272+0000] {processor.py:161} INFO - Started process (PID=581) to work on /opt/airflow/dags/main.py
[2024-06-26T02:19:15.274+0000] {processor.py:830} INFO - Processing file /opt/airflow/dags/main.py for tasks to queue
[2024-06-26T02:19:15.276+0000] {logging_mixin.py:188} INFO - [2024-06-26T02:19:15.276+0000] {dagbag.py:545} INFO - Filling up the DagBag from /opt/airflow/dags/main.py
[2024-06-26T02:19:15.668+0000] {processor.py:840} INFO - DAG(s) 'CelesteLongo_EntregaFinal' retrieved from /opt/airflow/dags/main.py
[2024-06-26T02:19:15.850+0000] {logging_mixin.py:188} INFO - [2024-06-26T02:19:15.849+0000] {dag.py:3096} INFO - Sync 1 DAGs
[2024-06-26T02:19:15.879+0000] {logging_mixin.py:188} INFO - [2024-06-26T02:19:15.878+0000] {dag.py:3954} INFO - Setting next_dagrun for CelesteLongo_EntregaFinal to 2024-06-25 09:00:00+00:00, run_after=2024-06-26 09:00:00+00:00
[2024-06-26T02:19:15.902+0000] {processor.py:183} INFO - Processing /opt/airflow/dags/main.py took 0.637 seconds
[2024-06-26T02:19:46.180+0000] {processor.py:161} INFO - Started process (PID=589) to work on /opt/airflow/dags/main.py
[2024-06-26T02:19:46.181+0000] {processor.py:830} INFO - Processing file /opt/airflow/dags/main.py for tasks to queue
[2024-06-26T02:19:46.184+0000] {logging_mixin.py:188} INFO - [2024-06-26T02:19:46.183+0000] {dagbag.py:545} INFO - Filling up the DagBag from /opt/airflow/dags/main.py
[2024-06-26T02:19:46.819+0000] {processor.py:840} INFO - DAG(s) 'CelesteLongo_EntregaFinal' retrieved from /opt/airflow/dags/main.py
[2024-06-26T02:19:46.856+0000] {logging_mixin.py:188} INFO - [2024-06-26T02:19:46.855+0000] {dag.py:3096} INFO - Sync 1 DAGs
[2024-06-26T02:19:46.887+0000] {logging_mixin.py:188} INFO - [2024-06-26T02:19:46.886+0000] {dag.py:3954} INFO - Setting next_dagrun for CelesteLongo_EntregaFinal to 2024-06-25 09:00:00+00:00, run_after=2024-06-26 09:00:00+00:00
[2024-06-26T02:19:46.924+0000] {processor.py:183} INFO - Processing /opt/airflow/dags/main.py took 0.753 seconds
[2024-06-26T02:20:17.104+0000] {processor.py:161} INFO - Started process (PID=597) to work on /opt/airflow/dags/main.py
[2024-06-26T02:20:17.105+0000] {processor.py:830} INFO - Processing file /opt/airflow/dags/main.py for tasks to queue
[2024-06-26T02:20:17.108+0000] {logging_mixin.py:188} INFO - [2024-06-26T02:20:17.107+0000] {dagbag.py:545} INFO - Filling up the DagBag from /opt/airflow/dags/main.py
[2024-06-26T02:20:17.579+0000] {processor.py:840} INFO - DAG(s) 'CelesteLongo_EntregaFinal' retrieved from /opt/airflow/dags/main.py
[2024-06-26T02:20:17.614+0000] {logging_mixin.py:188} INFO - [2024-06-26T02:20:17.613+0000] {dag.py:3096} INFO - Sync 1 DAGs
[2024-06-26T02:20:17.825+0000] {logging_mixin.py:188} INFO - [2024-06-26T02:20:17.825+0000] {dag.py:3954} INFO - Setting next_dagrun for CelesteLongo_EntregaFinal to 2024-06-25 09:00:00+00:00, run_after=2024-06-26 09:00:00+00:00
[2024-06-26T02:20:17.864+0000] {processor.py:183} INFO - Processing /opt/airflow/dags/main.py took 0.772 seconds
[2024-06-26T02:20:48.144+0000] {processor.py:161} INFO - Started process (PID=605) to work on /opt/airflow/dags/main.py
[2024-06-26T02:20:48.145+0000] {processor.py:830} INFO - Processing file /opt/airflow/dags/main.py for tasks to queue
[2024-06-26T02:20:48.148+0000] {logging_mixin.py:188} INFO - [2024-06-26T02:20:48.147+0000] {dagbag.py:545} INFO - Filling up the DagBag from /opt/airflow/dags/main.py
[2024-06-26T02:20:48.536+0000] {processor.py:840} INFO - DAG(s) 'CelesteLongo_EntregaFinal' retrieved from /opt/airflow/dags/main.py
[2024-06-26T02:20:48.703+0000] {logging_mixin.py:188} INFO - [2024-06-26T02:20:48.703+0000] {dag.py:3096} INFO - Sync 1 DAGs
[2024-06-26T02:20:48.736+0000] {logging_mixin.py:188} INFO - [2024-06-26T02:20:48.735+0000] {dag.py:3954} INFO - Setting next_dagrun for CelesteLongo_EntregaFinal to 2024-06-25 09:00:00+00:00, run_after=2024-06-26 09:00:00+00:00
[2024-06-26T02:20:48.760+0000] {processor.py:183} INFO - Processing /opt/airflow/dags/main.py took 0.624 seconds
[2024-06-26T02:21:19.112+0000] {processor.py:161} INFO - Started process (PID=613) to work on /opt/airflow/dags/main.py
[2024-06-26T02:21:19.113+0000] {processor.py:830} INFO - Processing file /opt/airflow/dags/main.py for tasks to queue
[2024-06-26T02:21:19.116+0000] {logging_mixin.py:188} INFO - [2024-06-26T02:21:19.115+0000] {dagbag.py:545} INFO - Filling up the DagBag from /opt/airflow/dags/main.py
[2024-06-26T02:21:19.644+0000] {processor.py:840} INFO - DAG(s) 'CelesteLongo_EntregaFinal' retrieved from /opt/airflow/dags/main.py
[2024-06-26T02:21:19.678+0000] {logging_mixin.py:188} INFO - [2024-06-26T02:21:19.677+0000] {dag.py:3096} INFO - Sync 1 DAGs
[2024-06-26T02:21:19.703+0000] {logging_mixin.py:188} INFO - [2024-06-26T02:21:19.702+0000] {dag.py:3954} INFO - Setting next_dagrun for CelesteLongo_EntregaFinal to 2024-06-25 09:00:00+00:00, run_after=2024-06-26 09:00:00+00:00
[2024-06-26T02:21:19.748+0000] {processor.py:183} INFO - Processing /opt/airflow/dags/main.py took 0.646 seconds
[2024-06-26T02:21:49.948+0000] {processor.py:161} INFO - Started process (PID=621) to work on /opt/airflow/dags/main.py
[2024-06-26T02:21:49.950+0000] {processor.py:830} INFO - Processing file /opt/airflow/dags/main.py for tasks to queue
[2024-06-26T02:21:49.953+0000] {logging_mixin.py:188} INFO - [2024-06-26T02:21:49.952+0000] {dagbag.py:545} INFO - Filling up the DagBag from /opt/airflow/dags/main.py
[2024-06-26T02:21:50.308+0000] {processor.py:840} INFO - DAG(s) 'CelesteLongo_EntregaFinal' retrieved from /opt/airflow/dags/main.py
[2024-06-26T02:21:50.341+0000] {logging_mixin.py:188} INFO - [2024-06-26T02:21:50.341+0000] {dag.py:3096} INFO - Sync 1 DAGs
[2024-06-26T02:21:50.522+0000] {logging_mixin.py:188} INFO - [2024-06-26T02:21:50.522+0000] {dag.py:3954} INFO - Setting next_dagrun for CelesteLongo_EntregaFinal to 2024-06-25 09:00:00+00:00, run_after=2024-06-26 09:00:00+00:00
[2024-06-26T02:21:50.546+0000] {processor.py:183} INFO - Processing /opt/airflow/dags/main.py took 0.605 seconds
[2024-06-26T02:22:20.866+0000] {processor.py:161} INFO - Started process (PID=629) to work on /opt/airflow/dags/main.py
[2024-06-26T02:22:20.868+0000] {processor.py:830} INFO - Processing file /opt/airflow/dags/main.py for tasks to queue
[2024-06-26T02:22:20.873+0000] {logging_mixin.py:188} INFO - [2024-06-26T02:22:20.872+0000] {dagbag.py:545} INFO - Filling up the DagBag from /opt/airflow/dags/main.py
[2024-06-26T02:22:21.369+0000] {processor.py:840} INFO - DAG(s) 'CelesteLongo_EntregaFinal' retrieved from /opt/airflow/dags/main.py
[2024-06-26T02:22:21.598+0000] {logging_mixin.py:188} INFO - [2024-06-26T02:22:21.598+0000] {dag.py:3096} INFO - Sync 1 DAGs
[2024-06-26T02:22:21.626+0000] {logging_mixin.py:188} INFO - [2024-06-26T02:22:21.626+0000] {dag.py:3954} INFO - Setting next_dagrun for CelesteLongo_EntregaFinal to 2024-06-25 09:00:00+00:00, run_after=2024-06-26 09:00:00+00:00
[2024-06-26T02:22:21.658+0000] {processor.py:183} INFO - Processing /opt/airflow/dags/main.py took 0.802 seconds
[2024-06-26T02:22:51.982+0000] {processor.py:161} INFO - Started process (PID=637) to work on /opt/airflow/dags/main.py
[2024-06-26T02:22:51.983+0000] {processor.py:830} INFO - Processing file /opt/airflow/dags/main.py for tasks to queue
[2024-06-26T02:22:51.985+0000] {logging_mixin.py:188} INFO - [2024-06-26T02:22:51.985+0000] {dagbag.py:545} INFO - Filling up the DagBag from /opt/airflow/dags/main.py
[2024-06-26T02:22:52.588+0000] {processor.py:840} INFO - DAG(s) 'CelesteLongo_EntregaFinal' retrieved from /opt/airflow/dags/main.py
[2024-06-26T02:22:52.617+0000] {logging_mixin.py:188} INFO - [2024-06-26T02:22:52.616+0000] {dag.py:3096} INFO - Sync 1 DAGs
[2024-06-26T02:22:52.644+0000] {logging_mixin.py:188} INFO - [2024-06-26T02:22:52.644+0000] {dag.py:3954} INFO - Setting next_dagrun for CelesteLongo_EntregaFinal to 2024-06-25 09:00:00+00:00, run_after=2024-06-26 09:00:00+00:00
[2024-06-26T02:22:52.677+0000] {processor.py:183} INFO - Processing /opt/airflow/dags/main.py took 0.703 seconds
[2024-06-26T02:23:22.981+0000] {processor.py:161} INFO - Started process (PID=645) to work on /opt/airflow/dags/main.py
[2024-06-26T02:23:22.983+0000] {processor.py:830} INFO - Processing file /opt/airflow/dags/main.py for tasks to queue
[2024-06-26T02:23:22.985+0000] {logging_mixin.py:188} INFO - [2024-06-26T02:23:22.985+0000] {dagbag.py:545} INFO - Filling up the DagBag from /opt/airflow/dags/main.py
[2024-06-26T02:23:23.370+0000] {processor.py:840} INFO - DAG(s) 'CelesteLongo_EntregaFinal' retrieved from /opt/airflow/dags/main.py
[2024-06-26T02:23:23.397+0000] {logging_mixin.py:188} INFO - [2024-06-26T02:23:23.397+0000] {dag.py:3096} INFO - Sync 1 DAGs
[2024-06-26T02:23:23.561+0000] {logging_mixin.py:188} INFO - [2024-06-26T02:23:23.560+0000] {dag.py:3954} INFO - Setting next_dagrun for CelesteLongo_EntregaFinal to 2024-06-25 09:00:00+00:00, run_after=2024-06-26 09:00:00+00:00
[2024-06-26T02:23:23.599+0000] {processor.py:183} INFO - Processing /opt/airflow/dags/main.py took 0.625 seconds
[2024-06-26T02:23:53.980+0000] {processor.py:161} INFO - Started process (PID=653) to work on /opt/airflow/dags/main.py
[2024-06-26T02:23:53.982+0000] {processor.py:830} INFO - Processing file /opt/airflow/dags/main.py for tasks to queue
[2024-06-26T02:23:53.986+0000] {logging_mixin.py:188} INFO - [2024-06-26T02:23:53.985+0000] {dagbag.py:545} INFO - Filling up the DagBag from /opt/airflow/dags/main.py
[2024-06-26T02:23:54.411+0000] {processor.py:840} INFO - DAG(s) 'CelesteLongo_EntregaFinal' retrieved from /opt/airflow/dags/main.py
[2024-06-26T02:23:54.567+0000] {logging_mixin.py:188} INFO - [2024-06-26T02:23:54.566+0000] {dag.py:3096} INFO - Sync 1 DAGs
[2024-06-26T02:23:54.598+0000] {logging_mixin.py:188} INFO - [2024-06-26T02:23:54.598+0000] {dag.py:3954} INFO - Setting next_dagrun for CelesteLongo_EntregaFinal to 2024-06-25 09:00:00+00:00, run_after=2024-06-26 09:00:00+00:00
[2024-06-26T02:23:54.629+0000] {processor.py:183} INFO - Processing /opt/airflow/dags/main.py took 0.657 seconds
[2024-06-26T02:24:24.984+0000] {processor.py:161} INFO - Started process (PID=661) to work on /opt/airflow/dags/main.py
[2024-06-26T02:24:24.986+0000] {processor.py:830} INFO - Processing file /opt/airflow/dags/main.py for tasks to queue
[2024-06-26T02:24:24.989+0000] {logging_mixin.py:188} INFO - [2024-06-26T02:24:24.988+0000] {dagbag.py:545} INFO - Filling up the DagBag from /opt/airflow/dags/main.py
[2024-06-26T02:24:25.521+0000] {processor.py:840} INFO - DAG(s) 'CelesteLongo_EntregaFinal' retrieved from /opt/airflow/dags/main.py
[2024-06-26T02:24:25.577+0000] {logging_mixin.py:188} INFO - [2024-06-26T02:24:25.571+0000] {dag.py:3096} INFO - Sync 1 DAGs
[2024-06-26T02:24:25.606+0000] {logging_mixin.py:188} INFO - [2024-06-26T02:24:25.605+0000] {dag.py:3954} INFO - Setting next_dagrun for CelesteLongo_EntregaFinal to 2024-06-25 09:00:00+00:00, run_after=2024-06-26 09:00:00+00:00
[2024-06-26T02:24:25.637+0000] {processor.py:183} INFO - Processing /opt/airflow/dags/main.py took 0.669 seconds
[2024-06-26T02:24:55.937+0000] {processor.py:161} INFO - Started process (PID=669) to work on /opt/airflow/dags/main.py
[2024-06-26T02:24:55.939+0000] {processor.py:830} INFO - Processing file /opt/airflow/dags/main.py for tasks to queue
[2024-06-26T02:24:55.941+0000] {logging_mixin.py:188} INFO - [2024-06-26T02:24:55.941+0000] {dagbag.py:545} INFO - Filling up the DagBag from /opt/airflow/dags/main.py
[2024-06-26T02:24:56.462+0000] {processor.py:840} INFO - DAG(s) 'CelesteLongo_EntregaFinal' retrieved from /opt/airflow/dags/main.py
[2024-06-26T02:24:56.489+0000] {logging_mixin.py:188} INFO - [2024-06-26T02:24:56.489+0000] {dag.py:3096} INFO - Sync 1 DAGs
[2024-06-26T02:24:56.515+0000] {logging_mixin.py:188} INFO - [2024-06-26T02:24:56.515+0000] {dag.py:3954} INFO - Setting next_dagrun for CelesteLongo_EntregaFinal to 2024-06-25 09:00:00+00:00, run_after=2024-06-26 09:00:00+00:00
[2024-06-26T02:24:56.538+0000] {processor.py:183} INFO - Processing /opt/airflow/dags/main.py took 0.609 seconds
[2024-06-26T02:25:26.869+0000] {processor.py:161} INFO - Started process (PID=677) to work on /opt/airflow/dags/main.py
[2024-06-26T02:25:26.871+0000] {processor.py:830} INFO - Processing file /opt/airflow/dags/main.py for tasks to queue
[2024-06-26T02:25:26.873+0000] {logging_mixin.py:188} INFO - [2024-06-26T02:25:26.873+0000] {dagbag.py:545} INFO - Filling up the DagBag from /opt/airflow/dags/main.py
[2024-06-26T02:25:27.295+0000] {processor.py:840} INFO - DAG(s) 'CelesteLongo_EntregaFinal' retrieved from /opt/airflow/dags/main.py
[2024-06-26T02:25:27.466+0000] {logging_mixin.py:188} INFO - [2024-06-26T02:25:27.466+0000] {dag.py:3096} INFO - Sync 1 DAGs
[2024-06-26T02:25:27.493+0000] {logging_mixin.py:188} INFO - [2024-06-26T02:25:27.493+0000] {dag.py:3954} INFO - Setting next_dagrun for CelesteLongo_EntregaFinal to 2024-06-25 09:00:00+00:00, run_after=2024-06-26 09:00:00+00:00
[2024-06-26T02:25:27.526+0000] {processor.py:183} INFO - Processing /opt/airflow/dags/main.py took 0.665 seconds
[2024-06-26T02:25:57.867+0000] {processor.py:161} INFO - Started process (PID=685) to work on /opt/airflow/dags/main.py
[2024-06-26T02:25:57.869+0000] {processor.py:830} INFO - Processing file /opt/airflow/dags/main.py for tasks to queue
[2024-06-26T02:25:57.871+0000] {logging_mixin.py:188} INFO - [2024-06-26T02:25:57.871+0000] {dagbag.py:545} INFO - Filling up the DagBag from /opt/airflow/dags/main.py
[2024-06-26T02:25:58.385+0000] {processor.py:840} INFO - DAG(s) 'CelesteLongo_EntregaFinal' retrieved from /opt/airflow/dags/main.py
[2024-06-26T02:25:58.417+0000] {logging_mixin.py:188} INFO - [2024-06-26T02:25:58.416+0000] {dag.py:3096} INFO - Sync 1 DAGs
[2024-06-26T02:25:58.442+0000] {logging_mixin.py:188} INFO - [2024-06-26T02:25:58.442+0000] {dag.py:3954} INFO - Setting next_dagrun for CelesteLongo_EntregaFinal to 2024-06-25 09:00:00+00:00, run_after=2024-06-26 09:00:00+00:00
[2024-06-26T02:25:58.468+0000] {processor.py:183} INFO - Processing /opt/airflow/dags/main.py took 0.608 seconds
[2024-06-26T02:26:28.813+0000] {processor.py:161} INFO - Started process (PID=693) to work on /opt/airflow/dags/main.py
[2024-06-26T02:26:28.814+0000] {processor.py:830} INFO - Processing file /opt/airflow/dags/main.py for tasks to queue
[2024-06-26T02:26:28.817+0000] {logging_mixin.py:188} INFO - [2024-06-26T02:26:28.817+0000] {dagbag.py:545} INFO - Filling up the DagBag from /opt/airflow/dags/main.py
[2024-06-26T02:26:29.420+0000] {processor.py:840} INFO - DAG(s) 'CelesteLongo_EntregaFinal' retrieved from /opt/airflow/dags/main.py
[2024-06-26T02:26:29.448+0000] {logging_mixin.py:188} INFO - [2024-06-26T02:26:29.447+0000] {dag.py:3096} INFO - Sync 1 DAGs
[2024-06-26T02:26:29.476+0000] {logging_mixin.py:188} INFO - [2024-06-26T02:26:29.476+0000] {dag.py:3954} INFO - Setting next_dagrun for CelesteLongo_EntregaFinal to 2024-06-25 09:00:00+00:00, run_after=2024-06-26 09:00:00+00:00
[2024-06-26T02:26:29.508+0000] {processor.py:183} INFO - Processing /opt/airflow/dags/main.py took 0.704 seconds
[2024-06-26T02:26:59.832+0000] {processor.py:161} INFO - Started process (PID=701) to work on /opt/airflow/dags/main.py
[2024-06-26T02:26:59.834+0000] {processor.py:830} INFO - Processing file /opt/airflow/dags/main.py for tasks to queue
[2024-06-26T02:26:59.837+0000] {logging_mixin.py:188} INFO - [2024-06-26T02:26:59.836+0000] {dagbag.py:545} INFO - Filling up the DagBag from /opt/airflow/dags/main.py
[2024-06-26T02:27:00.305+0000] {processor.py:840} INFO - DAG(s) 'CelesteLongo_EntregaFinal' retrieved from /opt/airflow/dags/main.py
[2024-06-26T02:27:00.479+0000] {logging_mixin.py:188} INFO - [2024-06-26T02:27:00.478+0000] {dag.py:3096} INFO - Sync 1 DAGs
[2024-06-26T02:27:00.513+0000] {logging_mixin.py:188} INFO - [2024-06-26T02:27:00.513+0000] {dag.py:3954} INFO - Setting next_dagrun for CelesteLongo_EntregaFinal to 2024-06-25 09:00:00+00:00, run_after=2024-06-26 09:00:00+00:00
[2024-06-26T02:27:00.545+0000] {processor.py:183} INFO - Processing /opt/airflow/dags/main.py took 0.721 seconds
[2024-06-26T02:27:30.786+0000] {processor.py:161} INFO - Started process (PID=709) to work on /opt/airflow/dags/main.py
[2024-06-26T02:27:30.787+0000] {processor.py:830} INFO - Processing file /opt/airflow/dags/main.py for tasks to queue
[2024-06-26T02:27:30.792+0000] {logging_mixin.py:188} INFO - [2024-06-26T02:27:30.791+0000] {dagbag.py:545} INFO - Filling up the DagBag from /opt/airflow/dags/main.py
[2024-06-26T02:27:31.440+0000] {processor.py:840} INFO - DAG(s) 'CelesteLongo_EntregaFinal' retrieved from /opt/airflow/dags/main.py
[2024-06-26T02:27:31.473+0000] {logging_mixin.py:188} INFO - [2024-06-26T02:27:31.473+0000] {dag.py:3096} INFO - Sync 1 DAGs
[2024-06-26T02:27:31.499+0000] {logging_mixin.py:188} INFO - [2024-06-26T02:27:31.498+0000] {dag.py:3954} INFO - Setting next_dagrun for CelesteLongo_EntregaFinal to 2024-06-25 09:00:00+00:00, run_after=2024-06-26 09:00:00+00:00
[2024-06-26T02:27:31.531+0000] {processor.py:183} INFO - Processing /opt/airflow/dags/main.py took 0.756 seconds
[2024-06-26T02:28:01.865+0000] {processor.py:161} INFO - Started process (PID=717) to work on /opt/airflow/dags/main.py
[2024-06-26T02:28:01.867+0000] {processor.py:830} INFO - Processing file /opt/airflow/dags/main.py for tasks to queue
[2024-06-26T02:28:01.869+0000] {logging_mixin.py:188} INFO - [2024-06-26T02:28:01.868+0000] {dagbag.py:545} INFO - Filling up the DagBag from /opt/airflow/dags/main.py
[2024-06-26T02:28:02.375+0000] {processor.py:840} INFO - DAG(s) 'CelesteLongo_EntregaFinal' retrieved from /opt/airflow/dags/main.py
[2024-06-26T02:28:02.408+0000] {logging_mixin.py:188} INFO - [2024-06-26T02:28:02.407+0000] {dag.py:3096} INFO - Sync 1 DAGs
[2024-06-26T02:28:02.434+0000] {logging_mixin.py:188} INFO - [2024-06-26T02:28:02.433+0000] {dag.py:3954} INFO - Setting next_dagrun for CelesteLongo_EntregaFinal to 2024-06-25 09:00:00+00:00, run_after=2024-06-26 09:00:00+00:00
[2024-06-26T02:28:02.457+0000] {processor.py:183} INFO - Processing /opt/airflow/dags/main.py took 0.601 seconds
[2024-06-26T02:28:32.826+0000] {processor.py:161} INFO - Started process (PID=731) to work on /opt/airflow/dags/main.py
[2024-06-26T02:28:32.827+0000] {processor.py:830} INFO - Processing file /opt/airflow/dags/main.py for tasks to queue
[2024-06-26T02:28:32.829+0000] {logging_mixin.py:188} INFO - [2024-06-26T02:28:32.829+0000] {dagbag.py:545} INFO - Filling up the DagBag from /opt/airflow/dags/main.py
[2024-06-26T02:28:33.278+0000] {processor.py:840} INFO - DAG(s) 'CelesteLongo_EntregaFinal' retrieved from /opt/airflow/dags/main.py
[2024-06-26T02:28:33.448+0000] {logging_mixin.py:188} INFO - [2024-06-26T02:28:33.448+0000] {dag.py:3096} INFO - Sync 1 DAGs
[2024-06-26T02:28:33.479+0000] {logging_mixin.py:188} INFO - [2024-06-26T02:28:33.478+0000] {dag.py:3954} INFO - Setting next_dagrun for CelesteLongo_EntregaFinal to 2024-06-25 09:00:00+00:00, run_after=2024-06-26 09:00:00+00:00
[2024-06-26T02:28:33.504+0000] {processor.py:183} INFO - Processing /opt/airflow/dags/main.py took 0.692 seconds
[2024-06-26T02:29:03.727+0000] {processor.py:161} INFO - Started process (PID=739) to work on /opt/airflow/dags/main.py
[2024-06-26T02:29:03.728+0000] {processor.py:830} INFO - Processing file /opt/airflow/dags/main.py for tasks to queue
[2024-06-26T02:29:03.731+0000] {logging_mixin.py:188} INFO - [2024-06-26T02:29:03.731+0000] {dagbag.py:545} INFO - Filling up the DagBag from /opt/airflow/dags/main.py
[2024-06-26T02:29:04.325+0000] {processor.py:840} INFO - DAG(s) 'CelesteLongo_EntregaFinal' retrieved from /opt/airflow/dags/main.py
[2024-06-26T02:29:04.357+0000] {logging_mixin.py:188} INFO - [2024-06-26T02:29:04.357+0000] {dag.py:3096} INFO - Sync 1 DAGs
[2024-06-26T02:29:04.390+0000] {logging_mixin.py:188} INFO - [2024-06-26T02:29:04.390+0000] {dag.py:3954} INFO - Setting next_dagrun for CelesteLongo_EntregaFinal to 2024-06-25 09:00:00+00:00, run_after=2024-06-26 09:00:00+00:00
[2024-06-26T02:29:04.430+0000] {processor.py:183} INFO - Processing /opt/airflow/dags/main.py took 0.710 seconds
