[2024-06-26T02:17:01.498+0000] {local_task_job_runner.py:120} INFO - ::group::Pre task execution logs
[2024-06-26T02:17:01.529+0000] {taskinstance.py:2076} INFO - Dependencies all met for dep_context=non-requeueable deps ti=<TaskInstance: CelesteLongo_EntregaFinal.main manual__2024-06-26T02:16:59.825329+00:00 [queued]>
[2024-06-26T02:17:01.541+0000] {taskinstance.py:2076} INFO - Dependencies all met for dep_context=requeueable deps ti=<TaskInstance: CelesteLongo_EntregaFinal.main manual__2024-06-26T02:16:59.825329+00:00 [queued]>
[2024-06-26T02:17:01.542+0000] {taskinstance.py:2306} INFO - Starting attempt 1 of 2
[2024-06-26T02:17:01.561+0000] {taskinstance.py:2330} INFO - Executing <Task(PythonOperator): main> on 2024-06-26 02:16:59.825329+00:00
[2024-06-26T02:17:01.567+0000] {standard_task_runner.py:63} INFO - Started process 545 to run task
[2024-06-26T02:17:01.572+0000] {standard_task_runner.py:90} INFO - Running: ['***', 'tasks', 'run', 'CelesteLongo_EntregaFinal', 'main', 'manual__2024-06-26T02:16:59.825329+00:00', '--job-id', '31', '--raw', '--subdir', 'DAGS_FOLDER/main.py', '--cfg-path', '/tmp/tmpalh7av8b']
[2024-06-26T02:17:01.576+0000] {standard_task_runner.py:91} INFO - Job 31: Subtask main
[2024-06-26T02:17:01.657+0000] {task_command.py:426} INFO - Running <TaskInstance: CelesteLongo_EntregaFinal.main manual__2024-06-26T02:16:59.825329+00:00 [running]> on host 262b850b6532
[2024-06-26T02:17:01.776+0000] {taskinstance.py:2648} INFO - Exporting env vars: AIRFLOW_CTX_DAG_OWNER='CelesteLongo' AIRFLOW_CTX_DAG_ID='CelesteLongo_EntregaFinal' AIRFLOW_CTX_TASK_ID='main' AIRFLOW_CTX_EXECUTION_DATE='2024-06-26T02:16:59.825329+00:00' AIRFLOW_CTX_TRY_NUMBER='1' AIRFLOW_CTX_DAG_RUN_ID='manual__2024-06-26T02:16:59.825329+00:00'
[2024-06-26T02:17:01.778+0000] {taskinstance.py:430} INFO - ::endgroup::
[2024-06-26T02:17:01.794+0000] {logging_mixin.py:188} INFO - Inicio: 2024-06-26 02:17:01.794891
[2024-06-26T02:17:01.807+0000] {base.py:84} INFO - Using connection ID 'spotify' for task execution.
[2024-06-26T02:20:39.468+0000] {base.py:84} INFO - Using connection ID 'redshift' for task execution.
[2024-06-26T02:22:48.549+0000] {python.py:237} INFO - Done. Returned value was: (['Massacre', 'La Perra Que Los Parió'], ['Toxic', 'Asesinamentes', 'Locurda', 'Quieren Callar Mi Voz', 'Relatos', 'Locos del Corazon', 'Punto G', 'Correr', 'Take Your Honey', 'Tramontina', 'Diciendo No', 'Bring Me Your Cup', 'La Vieja', 'Ojos de Cristal', 'El Garrón', 'Es Aquí', 'Savia', 'Tango Feroz - Comiendo las horas', 'Comiendo las horas - Comiendo las horas', 'A contramano - Comiendo las horas', 'Olvidate - Comiendo las horas', 'Cuando Te Veo', 'Lastimador', 'Rambomalambo', 'El Nuevo Huevo', 'Sueño Ensueño', 'Despierto', 'Religionex', 'Plata', 'You Rule', 'Confusión', 'Hipnosis', 'Desequilibrio', 'Punto de Partida', 'Escalera', 'Que se yo', 'Mr PP', 'El afano', 'El desorden', 'Idas y Vueltas', 'El enigma', 'Blues con aire', 'Paisajes', 'Moniebah', 'The Pilgrim - Spiritual', 'Espiritus', 'El enigma (alternate take)', 'Efecto 10', 'Noel', 'Toxi', 'Ningún Caribe', 'Tanta Pulsión', 'Como un Boomerang Esta Noche', 'Retiro', 'Vías', 'Pultrimcol', 'La Soga Marrón', '21 Primaveras', 'Algún Otro Cambio', 'Botones', 'Año Nuevo, Vida Nueva', '01', '02', '03', '04', '05', '06', '07', '08', '09', '10', '11', '12', '13', '14', '15', '16', '17', '18', '19', '20', '21', 'Una Mas', 'Falsos Profetas', 'Desenmascarado en el Almuerzo', 'Flojo de Papeles', 'Anunciadores de Cosas Agradables', 'El desorden', 'Idas y vueltas', 'El enigma', 'Blues con aire', 'Paisajes', 'Moniebah', 'The pilgrim', 'Espíritus', 'El enigma', 'Equinox', "Makin' Whoopee", 'I Thougth About You', '2680 USA', 'Tenderly', 'Caravana', 'My Funny Valentine', 'Goodbye Pork Pie Hat', 'Esencias', 'Whisper Not', 'Iparutitan', 'Tierra', 'Groovland', 'Arabia', 'Paris', 'Saturno', 'Iblue´s', 'Berlin', 'Cracovia', 'Następnie', 'Psicodelia', 'Charla en Dúo', 'Barrilete Cósmico (Dedicado a Diego Armando Maradona)', 'Olas Misteriosas', 'Fogata Latina', 'Identidad Sonora', 'Vacuna Punk', 'Eva Free', 'Covid 19', 'Goodbye Pork Pie Hat', 'Medalla De Cartón', 'Vuelvo A Casa', 'Dame Más', 'Mis Amigos', 'Noches de Bar', 'Intoxicado', 'María', 'No Puedo Parar', 'Perro y Gato', 'Dosis de Rock and Roll', 'Una Luz', 'Mil Vueltas', 'Amor Real', 'Herido', 'Me Quedé Con Ganas', 'Noche Cruel', 'Adiós', 'Viernes', 'Santa Lucía', 'Hora de Volver (En Vivo)', 'Escapar', 'La Invitación', 'Una Mas', 'Ya no Queda Nadie', 'Huracán', 'Santander', 'Zapatos de Charol', 'El Impacto de las Flores', 'El Gran Golpe', 'La Despedida del Invierno', 'Estar Pegado a Ti', 'Con los Leones', 'Geografía', 'Negro el 11', 'Como Evitar Que Sangremos', 'Colorado el 7', 'El Viajero', 'La Nube', 'Alarma', 'Dibujado', 'Candombé de la Tarde', 'La Hija de King Kong', 'Negra', 'Mi Vida', 'Tirá la Gorra', 'Camaleón', 'Cantautor', 'Ella Se Está Yendo', 'El Tipo del Mercedez Benz', 'Real (Vivo en Obras)', 'Historia de las Sillas', 'La Puerta Negra'], ['La Máquina Del Tiempo', 'Ella Va', 'Mariposa', 'La Cita', 'Insomnio', 'Medusa Lunar', 'Riesgo', 'Bajo La Alfombra', 'Te Leo al Revés', 'Tanto amor', 'La Octava Maravilla', 'La Reina de Marte', 'Insomnio', 'Lo Que Nunca Te Dije'])
[2024-06-26T02:22:48.561+0000] {taskinstance.py:441} INFO - ::group::Post task execution logs
[2024-06-26T02:22:48.613+0000] {taskinstance.py:1206} INFO - Marking task as SUCCESS. dag_id=CelesteLongo_EntregaFinal, task_id=main, run_id=manual__2024-06-26T02:16:59.825329+00:00, execution_date=20240626T021659, start_date=20240626T021701, end_date=20240626T022248
[2024-06-26T02:22:48.674+0000] {local_task_job_runner.py:240} INFO - Task exited with return code 0
[2024-06-26T02:22:48.712+0000] {taskinstance.py:3498} INFO - 1 downstream tasks scheduled from follow-on schedule check
[2024-06-26T02:22:48.716+0000] {local_task_job_runner.py:222} INFO - ::endgroup::
